{"C:\\Users\\CEX-PC\\Desktop\\The BootCamp\\project\\politico\\server\\server.js":{"path":"C:\\Users\\CEX-PC\\Desktop\\The BootCamp\\project\\politico\\server\\server.js","statementMap":{"0":{"start":{"line":3,"column":0},"end":{"line":5,"column":3}},"1":{"start":{"line":7,"column":15},"end":{"line":7,"column":33}},"2":{"start":{"line":9,"column":16},"end":{"line":9,"column":48}},"3":{"start":{"line":11,"column":18},"end":{"line":11,"column":40}},"4":{"start":{"line":13,"column":19},"end":{"line":13,"column":54}},"5":{"start":{"line":15,"column":20},"end":{"line":15,"column":52}},"6":{"start":{"line":17,"column":21},"end":{"line":17,"column":58}},"7":{"start":{"line":19,"column":19},"end":{"line":19,"column":50}},"8":{"start":{"line":21,"column":20},"end":{"line":21,"column":56}},"9":{"start":{"line":23,"column":18},"end":{"line":23,"column":48}},"10":{"start":{"line":25,"column":19},"end":{"line":25,"column":54}},"11":{"start":{"line":27,"column":22},"end":{"line":27,"column":56}},"12":{"start":{"line":29,"column":23},"end":{"line":29,"column":62}},"13":{"start":{"line":31,"column":18},"end":{"line":31,"column":48}},"14":{"start":{"line":33,"column":19},"end":{"line":33,"column":54}},"15":{"start":{"line":35,"column":39},"end":{"line":35,"column":93}},"16":{"start":{"line":39,"column":11},"end":{"line":39,"column":35}},"17":{"start":{"line":40,"column":10},"end":{"line":40,"column":34}},"18":{"start":{"line":41,"column":21},"end":{"line":41,"column":30}},"19":{"start":{"line":43,"column":0},"end":{"line":43,"column":37}},"20":{"start":{"line":44,"column":0},"end":{"line":44,"column":62}},"21":{"start":{"line":46,"column":0},"end":{"line":46,"column":47}},"22":{"start":{"line":47,"column":0},"end":{"line":47,"column":48}},"23":{"start":{"line":48,"column":0},"end":{"line":48,"column":46}},"24":{"start":{"line":49,"column":0},"end":{"line":49,"column":50}},"25":{"start":{"line":50,"column":0},"end":{"line":50,"column":46}},"26":{"start":{"line":52,"column":0},"end":{"line":54,"column":1}},"27":{"start":{"line":53,"column":2},"end":{"line":53,"column":19}},"28":{"start":{"line":56,"column":0},"end":{"line":56,"column":22}}},"fnMap":{"0":{"name":"_interopRequireDefault","decl":{"start":{"line":35,"column":9},"end":{"line":35,"column":31}},"loc":{"start":{"line":35,"column":37},"end":{"line":35,"column":95}},"line":35}},"branchMap":{"0":{"loc":{"start":{"line":35,"column":46},"end":{"line":35,"column":92}},"type":"cond-expr","locations":[{"start":{"line":35,"column":70},"end":{"line":35,"column":73}},{"start":{"line":35,"column":76},"end":{"line":35,"column":92}}],"line":35},"1":{"loc":{"start":{"line":35,"column":46},"end":{"line":35,"column":67}},"type":"binary-expr","locations":[{"start":{"line":35,"column":46},"end":{"line":35,"column":49}},{"start":{"line":35,"column":53},"end":{"line":35,"column":67}}],"line":35},"2":{"loc":{"start":{"line":39,"column":11},"end":{"line":39,"column":35}},"type":"binary-expr","locations":[{"start":{"line":39,"column":11},"end":{"line":39,"column":27}},{"start":{"line":39,"column":31},"end":{"line":39,"column":35}}],"line":39},"3":{"loc":{"start":{"line":52,"column":0},"end":{"line":54,"column":1}},"type":"if","locations":[{"start":{"line":52,"column":0},"end":{"line":54,"column":1}},{"start":{"line":52,"column":0},"end":{"line":54,"column":1}}],"line":52}},"s":{"0":1,"1":1,"2":1,"3":1,"4":1,"5":1,"6":1,"7":1,"8":1,"9":1,"10":1,"11":1,"12":1,"13":1,"14":1,"15":7,"16":1,"17":1,"18":1,"19":1,"20":1,"21":1,"22":1,"23":1,"24":1,"25":1,"26":1,"27":0,"28":1},"f":{"0":7},"b":{"0":[5,2],"1":[7,7],"2":[1,1],"3":[0,1]},"_coverageSchema":"43e27e138ebf9cfc5966b082cf9a028302ed4184","hash":"11765a79ce0a022c3776b949a08d0aa587ecd84a","contentHash":"cf5bac6fc955a88e965e1debe8ab22e2"},"C:\\Users\\CEX-PC\\Desktop\\The BootCamp\\project\\politico\\server\\routes\\officeRoutes.js":{"path":"C:\\Users\\CEX-PC\\Desktop\\The BootCamp\\project\\politico\\server\\routes\\officeRoutes.js","statementMap":{"0":{"start":{"line":3,"column":0},"end":{"line":5,"column":3}},"1":{"start":{"line":7,"column":15},"end":{"line":7,"column":33}},"2":{"start":{"line":9,"column":16},"end":{"line":9,"column":48}},"3":{"start":{"line":11,"column":24},"end":{"line":11,"column":66}},"4":{"start":{"line":13,"column":25},"end":{"line":13,"column":66}},"5":{"start":{"line":15,"column":24},"end":{"line":15,"column":66}},"6":{"start":{"line":17,"column":25},"end":{"line":17,"column":66}},"7":{"start":{"line":19,"column":23},"end":{"line":19,"column":64}},"8":{"start":{"line":21,"column":24},"end":{"line":21,"column":64}},"9":{"start":{"line":23,"column":22},"end":{"line":23,"column":62}},"10":{"start":{"line":25,"column":23},"end":{"line":25,"column":62}},"11":{"start":{"line":27,"column":39},"end":{"line":27,"column":93}},"12":{"start":{"line":29,"column":13},"end":{"line":29,"column":39}},"13":{"start":{"line":31,"column":0},"end":{"line":31,"column":135}},"14":{"start":{"line":32,"column":0},"end":{"line":32,"column":98}},"15":{"start":{"line":33,"column":0},"end":{"line":33,"column":136}},"16":{"start":{"line":35,"column":0},"end":{"line":35,"column":25}}},"fnMap":{"0":{"name":"_interopRequireDefault","decl":{"start":{"line":27,"column":9},"end":{"line":27,"column":31}},"loc":{"start":{"line":27,"column":37},"end":{"line":27,"column":95}},"line":27}},"branchMap":{"0":{"loc":{"start":{"line":27,"column":46},"end":{"line":27,"column":92}},"type":"cond-expr","locations":[{"start":{"line":27,"column":70},"end":{"line":27,"column":73}},{"start":{"line":27,"column":76},"end":{"line":27,"column":92}}],"line":27},"1":{"loc":{"start":{"line":27,"column":46},"end":{"line":27,"column":67}},"type":"binary-expr","locations":[{"start":{"line":27,"column":46},"end":{"line":27,"column":49}},{"start":{"line":27,"column":53},"end":{"line":27,"column":67}}],"line":27}},"s":{"0":1,"1":1,"2":1,"3":1,"4":1,"5":1,"6":1,"7":1,"8":1,"9":1,"10":1,"11":5,"12":1,"13":1,"14":1,"15":1,"16":1},"f":{"0":5},"b":{"0":[4,1],"1":[5,5]},"_coverageSchema":"43e27e138ebf9cfc5966b082cf9a028302ed4184","hash":"c67ae64b9514533a635ca9a38be801b7730b869f","contentHash":"41d8530381f91d53c11879b3c4f5e0fc"},"C:\\Users\\CEX-PC\\Desktop\\The BootCamp\\project\\politico\\server\\controllers\\OfficeController.js":{"path":"C:\\Users\\CEX-PC\\Desktop\\The BootCamp\\project\\politico\\server\\controllers\\OfficeController.js","statementMap":{"0":{"start":{"line":3,"column":0},"end":{"line":5,"column":3}},"1":{"start":{"line":7,"column":19},"end":{"line":7,"column":563}},"2":{"start":{"line":7,"column":76},"end":{"line":7,"column":347}},"3":{"start":{"line":7,"column":134},"end":{"line":7,"column":142}},"4":{"start":{"line":7,"column":144},"end":{"line":7,"column":199}},"5":{"start":{"line":7,"column":200},"end":{"line":7,"column":231}},"6":{"start":{"line":7,"column":232},"end":{"line":7,"column":286}},"7":{"start":{"line":7,"column":259},"end":{"line":7,"column":286}},"8":{"start":{"line":7,"column":287},"end":{"line":7,"column":345}},"9":{"start":{"line":7,"column":350},"end":{"line":7,"column":559}},"10":{"start":{"line":7,"column":407},"end":{"line":7,"column":475}},"11":{"start":{"line":7,"column":423},"end":{"line":7,"column":475}},"12":{"start":{"line":7,"column":476},"end":{"line":7,"column":536}},"13":{"start":{"line":7,"column":493},"end":{"line":7,"column":536}},"14":{"start":{"line":7,"column":537},"end":{"line":7,"column":556}},"15":{"start":{"line":9,"column":19},"end":{"line":9,"column":51}},"16":{"start":{"line":11,"column":20},"end":{"line":11,"column":56}},"17":{"start":{"line":13,"column":39},"end":{"line":13,"column":93}},"18":{"start":{"line":15,"column":50},"end":{"line":15,"column":151}},"19":{"start":{"line":15,"column":92},"end":{"line":15,"column":149}},"20":{"start":{"line":17,"column":23},"end":{"line":58,"column":3}},"21":{"start":{"line":19,"column":4},"end":{"line":19,"column":44}},"22":{"start":{"line":22,"column":2},"end":{"line":55,"column":6}},"23":{"start":{"line":25,"column":22},"end":{"line":25,"column":30}},"24":{"start":{"line":26,"column":17},"end":{"line":26,"column":31}},"25":{"start":{"line":27,"column":17},"end":{"line":27,"column":31}},"26":{"start":{"line":29,"column":6},"end":{"line":33,"column":9}},"27":{"start":{"line":30,"column":8},"end":{"line":30,"column":74}},"28":{"start":{"line":32,"column":8},"end":{"line":32,"column":95}},"29":{"start":{"line":38,"column":6},"end":{"line":42,"column":9}},"30":{"start":{"line":39,"column":8},"end":{"line":39,"column":68}},"31":{"start":{"line":41,"column":8},"end":{"line":41,"column":81}},"32":{"start":{"line":47,"column":15},"end":{"line":47,"column":28}},"33":{"start":{"line":49,"column":6},"end":{"line":53,"column":9}},"34":{"start":{"line":50,"column":8},"end":{"line":50,"column":75}},"35":{"start":{"line":52,"column":8},"end":{"line":52,"column":81}},"36":{"start":{"line":57,"column":2},"end":{"line":57,"column":26}},"37":{"start":{"line":60,"column":0},"end":{"line":60,"column":35}}},"fnMap":{"0":{"name":"(anonymous_0)","decl":{"start":{"line":7,"column":19},"end":{"line":7,"column":20}},"loc":{"start":{"line":7,"column":31},"end":{"line":7,"column":561}},"line":7},"1":{"name":"defineProperties","decl":{"start":{"line":7,"column":42},"end":{"line":7,"column":58}},"loc":{"start":{"line":7,"column":74},"end":{"line":7,"column":349}},"line":7},"2":{"name":"(anonymous_2)","decl":{"start":{"line":7,"column":357},"end":{"line":7,"column":358}},"loc":{"start":{"line":7,"column":405},"end":{"line":7,"column":558}},"line":7},"3":{"name":"_interopRequireDefault","decl":{"start":{"line":13,"column":9},"end":{"line":13,"column":31}},"loc":{"start":{"line":13,"column":37},"end":{"line":13,"column":95}},"line":13},"4":{"name":"_classCallCheck","decl":{"start":{"line":15,"column":9},"end":{"line":15,"column":24}},"loc":{"start":{"line":15,"column":48},"end":{"line":15,"column":153}},"line":15},"5":{"name":"(anonymous_5)","decl":{"start":{"line":17,"column":23},"end":{"line":17,"column":24}},"loc":{"start":{"line":17,"column":35},"end":{"line":58,"column":1}},"line":17},"6":{"name":"OfficeController","decl":{"start":{"line":18,"column":11},"end":{"line":18,"column":27}},"loc":{"start":{"line":18,"column":30},"end":{"line":20,"column":3}},"line":18},"7":{"name":"createOffice","decl":{"start":{"line":24,"column":20},"end":{"line":24,"column":32}},"loc":{"start":{"line":24,"column":43},"end":{"line":34,"column":5}},"line":24},"8":{"name":"(anonymous_8)","decl":{"start":{"line":29,"column":68},"end":{"line":29,"column":69}},"loc":{"start":{"line":29,"column":93},"end":{"line":31,"column":7}},"line":29},"9":{"name":"(anonymous_9)","decl":{"start":{"line":31,"column":15},"end":{"line":31,"column":16}},"loc":{"start":{"line":31,"column":27},"end":{"line":33,"column":7}},"line":31},"10":{"name":"getAllOffices","decl":{"start":{"line":37,"column":20},"end":{"line":37,"column":33}},"loc":{"start":{"line":37,"column":44},"end":{"line":43,"column":5}},"line":37},"11":{"name":"(anonymous_11)","decl":{"start":{"line":38,"column":49},"end":{"line":38,"column":50}},"loc":{"start":{"line":38,"column":68},"end":{"line":40,"column":7}},"line":38},"12":{"name":"(anonymous_12)","decl":{"start":{"line":40,"column":15},"end":{"line":40,"column":16}},"loc":{"start":{"line":40,"column":27},"end":{"line":42,"column":7}},"line":40},"13":{"name":"getAnOffice","decl":{"start":{"line":46,"column":20},"end":{"line":46,"column":31}},"loc":{"start":{"line":46,"column":42},"end":{"line":54,"column":5}},"line":46},"14":{"name":"(anonymous_14)","decl":{"start":{"line":49,"column":49},"end":{"line":49,"column":50}},"loc":{"start":{"line":49,"column":75},"end":{"line":51,"column":7}},"line":49},"15":{"name":"(anonymous_15)","decl":{"start":{"line":51,"column":15},"end":{"line":51,"column":16}},"loc":{"start":{"line":51,"column":27},"end":{"line":53,"column":7}},"line":51}},"branchMap":{"0":{"loc":{"start":{"line":7,"column":168},"end":{"line":7,"column":198}},"type":"binary-expr","locations":[{"start":{"line":7,"column":168},"end":{"line":7,"column":189}},{"start":{"line":7,"column":193},"end":{"line":7,"column":198}}],"line":7},"1":{"loc":{"start":{"line":7,"column":232},"end":{"line":7,"column":286}},"type":"if","locations":[{"start":{"line":7,"column":232},"end":{"line":7,"column":286}},{"start":{"line":7,"column":232},"end":{"line":7,"column":286}}],"line":7},"2":{"loc":{"start":{"line":7,"column":407},"end":{"line":7,"column":475}},"type":"if","locations":[{"start":{"line":7,"column":407},"end":{"line":7,"column":475}},{"start":{"line":7,"column":407},"end":{"line":7,"column":475}}],"line":7},"3":{"loc":{"start":{"line":7,"column":476},"end":{"line":7,"column":536}},"type":"if","locations":[{"start":{"line":7,"column":476},"end":{"line":7,"column":536}},{"start":{"line":7,"column":476},"end":{"line":7,"column":536}}],"line":7},"4":{"loc":{"start":{"line":13,"column":46},"end":{"line":13,"column":92}},"type":"cond-expr","locations":[{"start":{"line":13,"column":70},"end":{"line":13,"column":73}},{"start":{"line":13,"column":76},"end":{"line":13,"column":92}}],"line":13},"5":{"loc":{"start":{"line":13,"column":46},"end":{"line":13,"column":67}},"type":"binary-expr","locations":[{"start":{"line":13,"column":46},"end":{"line":13,"column":49}},{"start":{"line":13,"column":53},"end":{"line":13,"column":67}}],"line":13},"6":{"loc":{"start":{"line":15,"column":50},"end":{"line":15,"column":151}},"type":"if","locations":[{"start":{"line":15,"column":50},"end":{"line":15,"column":151}},{"start":{"line":15,"column":50},"end":{"line":15,"column":151}}],"line":15}},"s":{"0":1,"1":1,"2":1,"3":3,"4":3,"5":3,"6":3,"7":3,"8":3,"9":1,"10":1,"11":0,"12":1,"13":1,"14":1,"15":1,"16":1,"17":1,"18":0,"19":0,"20":1,"21":0,"22":1,"23":0,"24":0,"25":0,"26":0,"27":0,"28":0,"29":0,"30":0,"31":0,"32":0,"33":0,"34":0,"35":0,"36":1,"37":1},"f":{"0":1,"1":1,"2":1,"3":1,"4":0,"5":1,"6":0,"7":0,"8":0,"9":0,"10":0,"11":0,"12":0,"13":0,"14":0,"15":0},"b":{"0":[3,3],"1":[3,0],"2":[0,1],"3":[1,0],"4":[1,0],"5":[1,1],"6":[0,0]},"_coverageSchema":"43e27e138ebf9cfc5966b082cf9a028302ed4184","hash":"ff8e916ce1dfd773125dc2a43027a49324065e37","contentHash":"98998ae0262386fb760e7310cc80bbac"},"C:\\Users\\CEX-PC\\Desktop\\The BootCamp\\project\\politico\\server\\models\\OfficeModel.js":{"path":"C:\\Users\\CEX-PC\\Desktop\\The BootCamp\\project\\politico\\server\\models\\OfficeModel.js","statementMap":{"0":{"start":{"line":3,"column":0},"end":{"line":5,"column":3}},"1":{"start":{"line":7,"column":19},"end":{"line":7,"column":563}},"2":{"start":{"line":7,"column":76},"end":{"line":7,"column":347}},"3":{"start":{"line":7,"column":134},"end":{"line":7,"column":142}},"4":{"start":{"line":7,"column":144},"end":{"line":7,"column":199}},"5":{"start":{"line":7,"column":200},"end":{"line":7,"column":231}},"6":{"start":{"line":7,"column":232},"end":{"line":7,"column":286}},"7":{"start":{"line":7,"column":259},"end":{"line":7,"column":286}},"8":{"start":{"line":7,"column":287},"end":{"line":7,"column":345}},"9":{"start":{"line":7,"column":350},"end":{"line":7,"column":559}},"10":{"start":{"line":7,"column":407},"end":{"line":7,"column":475}},"11":{"start":{"line":7,"column":423},"end":{"line":7,"column":475}},"12":{"start":{"line":7,"column":476},"end":{"line":7,"column":536}},"13":{"start":{"line":7,"column":493},"end":{"line":7,"column":536}},"14":{"start":{"line":7,"column":537},"end":{"line":7,"column":556}},"15":{"start":{"line":9,"column":17},"end":{"line":9,"column":42}},"16":{"start":{"line":11,"column":18},"end":{"line":11,"column":52}},"17":{"start":{"line":13,"column":39},"end":{"line":13,"column":93}},"18":{"start":{"line":15,"column":50},"end":{"line":15,"column":151}},"19":{"start":{"line":15,"column":92},"end":{"line":15,"column":149}},"20":{"start":{"line":17,"column":18},"end":{"line":66,"column":3}},"21":{"start":{"line":19,"column":4},"end":{"line":19,"column":39}},"22":{"start":{"line":21,"column":4},"end":{"line":21,"column":24}},"23":{"start":{"line":22,"column":4},"end":{"line":22,"column":28}},"24":{"start":{"line":23,"column":4},"end":{"line":23,"column":28}},"25":{"start":{"line":26,"column":2},"end":{"line":63,"column":6}},"26":{"start":{"line":29,"column":17},"end":{"line":29,"column":26}},"27":{"start":{"line":30,"column":17},"end":{"line":30,"column":26}},"28":{"start":{"line":33,"column":16},"end":{"line":33,"column":78}},"29":{"start":{"line":34,"column":6},"end":{"line":39,"column":9}},"30":{"start":{"line":35,"column":26},"end":{"line":35,"column":57}},"31":{"start":{"line":36,"column":8},"end":{"line":36,"column":44}},"32":{"start":{"line":38,"column":8},"end":{"line":38,"column":33}},"33":{"start":{"line":44,"column":16},"end":{"line":44,"column":39}},"34":{"start":{"line":45,"column":6},"end":{"line":50,"column":9}},"35":{"start":{"line":46,"column":22},"end":{"line":46,"column":33}},"36":{"start":{"line":47,"column":8},"end":{"line":47,"column":40}},"37":{"start":{"line":49,"column":8},"end":{"line":49,"column":33}},"38":{"start":{"line":55,"column":16},"end":{"line":55,"column":53}},"39":{"start":{"line":56,"column":6},"end":{"line":61,"column":9}},"40":{"start":{"line":57,"column":26},"end":{"line":57,"column":57}},"41":{"start":{"line":58,"column":8},"end":{"line":58,"column":44}},"42":{"start":{"line":60,"column":8},"end":{"line":60,"column":33}},"43":{"start":{"line":65,"column":2},"end":{"line":65,"column":21}},"44":{"start":{"line":68,"column":0},"end":{"line":68,"column":30}}},"fnMap":{"0":{"name":"(anonymous_0)","decl":{"start":{"line":7,"column":19},"end":{"line":7,"column":20}},"loc":{"start":{"line":7,"column":31},"end":{"line":7,"column":561}},"line":7},"1":{"name":"defineProperties","decl":{"start":{"line":7,"column":42},"end":{"line":7,"column":58}},"loc":{"start":{"line":7,"column":74},"end":{"line":7,"column":349}},"line":7},"2":{"name":"(anonymous_2)","decl":{"start":{"line":7,"column":357},"end":{"line":7,"column":358}},"loc":{"start":{"line":7,"column":405},"end":{"line":7,"column":558}},"line":7},"3":{"name":"_interopRequireDefault","decl":{"start":{"line":13,"column":9},"end":{"line":13,"column":31}},"loc":{"start":{"line":13,"column":37},"end":{"line":13,"column":95}},"line":13},"4":{"name":"_classCallCheck","decl":{"start":{"line":15,"column":9},"end":{"line":15,"column":24}},"loc":{"start":{"line":15,"column":48},"end":{"line":15,"column":153}},"line":15},"5":{"name":"(anonymous_5)","decl":{"start":{"line":17,"column":18},"end":{"line":17,"column":19}},"loc":{"start":{"line":17,"column":30},"end":{"line":66,"column":1}},"line":17},"6":{"name":"OfficeModel","decl":{"start":{"line":18,"column":11},"end":{"line":18,"column":22}},"loc":{"start":{"line":18,"column":31},"end":{"line":24,"column":3}},"line":18},"7":{"name":"create","decl":{"start":{"line":28,"column":20},"end":{"line":28,"column":26}},"loc":{"start":{"line":28,"column":33},"end":{"line":40,"column":5}},"line":28},"8":{"name":"(anonymous_8)","decl":{"start":{"line":34,"column":62},"end":{"line":34,"column":63}},"loc":{"start":{"line":34,"column":80},"end":{"line":37,"column":7}},"line":34},"9":{"name":"(anonymous_9)","decl":{"start":{"line":37,"column":15},"end":{"line":37,"column":16}},"loc":{"start":{"line":37,"column":28},"end":{"line":39,"column":7}},"line":37},"10":{"name":"getAllOffices","decl":{"start":{"line":43,"column":20},"end":{"line":43,"column":33}},"loc":{"start":{"line":43,"column":36},"end":{"line":51,"column":5}},"line":43},"11":{"name":"(anonymous_11)","decl":{"start":{"line":45,"column":48},"end":{"line":45,"column":49}},"loc":{"start":{"line":45,"column":66},"end":{"line":48,"column":7}},"line":45},"12":{"name":"(anonymous_12)","decl":{"start":{"line":48,"column":15},"end":{"line":48,"column":16}},"loc":{"start":{"line":48,"column":28},"end":{"line":50,"column":7}},"line":48},"13":{"name":"getAnOffice","decl":{"start":{"line":54,"column":20},"end":{"line":54,"column":31}},"loc":{"start":{"line":54,"column":36},"end":{"line":62,"column":5}},"line":54},"14":{"name":"(anonymous_14)","decl":{"start":{"line":56,"column":54},"end":{"line":56,"column":55}},"loc":{"start":{"line":56,"column":72},"end":{"line":59,"column":7}},"line":56},"15":{"name":"(anonymous_15)","decl":{"start":{"line":59,"column":15},"end":{"line":59,"column":16}},"loc":{"start":{"line":59,"column":28},"end":{"line":61,"column":7}},"line":59}},"branchMap":{"0":{"loc":{"start":{"line":7,"column":168},"end":{"line":7,"column":198}},"type":"binary-expr","locations":[{"start":{"line":7,"column":168},"end":{"line":7,"column":189}},{"start":{"line":7,"column":193},"end":{"line":7,"column":198}}],"line":7},"1":{"loc":{"start":{"line":7,"column":232},"end":{"line":7,"column":286}},"type":"if","locations":[{"start":{"line":7,"column":232},"end":{"line":7,"column":286}},{"start":{"line":7,"column":232},"end":{"line":7,"column":286}}],"line":7},"2":{"loc":{"start":{"line":7,"column":407},"end":{"line":7,"column":475}},"type":"if","locations":[{"start":{"line":7,"column":407},"end":{"line":7,"column":475}},{"start":{"line":7,"column":407},"end":{"line":7,"column":475}}],"line":7},"3":{"loc":{"start":{"line":7,"column":476},"end":{"line":7,"column":536}},"type":"if","locations":[{"start":{"line":7,"column":476},"end":{"line":7,"column":536}},{"start":{"line":7,"column":476},"end":{"line":7,"column":536}}],"line":7},"4":{"loc":{"start":{"line":13,"column":46},"end":{"line":13,"column":92}},"type":"cond-expr","locations":[{"start":{"line":13,"column":70},"end":{"line":13,"column":73}},{"start":{"line":13,"column":76},"end":{"line":13,"column":92}}],"line":13},"5":{"loc":{"start":{"line":13,"column":46},"end":{"line":13,"column":67}},"type":"binary-expr","locations":[{"start":{"line":13,"column":46},"end":{"line":13,"column":49}},{"start":{"line":13,"column":53},"end":{"line":13,"column":67}}],"line":13},"6":{"loc":{"start":{"line":15,"column":50},"end":{"line":15,"column":151}},"type":"if","locations":[{"start":{"line":15,"column":50},"end":{"line":15,"column":151}},{"start":{"line":15,"column":50},"end":{"line":15,"column":151}}],"line":15}},"s":{"0":1,"1":1,"2":1,"3":3,"4":3,"5":3,"6":3,"7":3,"8":3,"9":1,"10":1,"11":0,"12":1,"13":1,"14":1,"15":1,"16":1,"17":1,"18":0,"19":0,"20":1,"21":0,"22":0,"23":0,"24":0,"25":1,"26":0,"27":0,"28":0,"29":0,"30":0,"31":0,"32":0,"33":0,"34":0,"35":0,"36":0,"37":0,"38":0,"39":0,"40":0,"41":0,"42":0,"43":1,"44":1},"f":{"0":1,"1":1,"2":1,"3":1,"4":0,"5":1,"6":0,"7":0,"8":0,"9":0,"10":0,"11":0,"12":0,"13":0,"14":0,"15":0},"b":{"0":[3,3],"1":[3,0],"2":[0,1],"3":[1,0],"4":[1,0],"5":[1,1],"6":[0,0]},"_coverageSchema":"43e27e138ebf9cfc5966b082cf9a028302ed4184","hash":"4290ee03b5f10a13a2595aa0d8cc864733244d09","contentHash":"213c9b706a2df2eaba385ab320edc158"},"C:\\Users\\CEX-PC\\Desktop\\The BootCamp\\project\\politico\\server\\models\\db\\connector.js":{"path":"C:\\Users\\CEX-PC\\Desktop\\The BootCamp\\project\\politico\\server\\models\\db\\connector.js","statementMap":{"0":{"start":{"line":3,"column":0},"end":{"line":5,"column":3}},"1":{"start":{"line":7,"column":14},"end":{"line":7,"column":31}},"2":{"start":{"line":9,"column":15},"end":{"line":9,"column":46}},"3":{"start":{"line":11,"column":10},"end":{"line":11,"column":23}},"4":{"start":{"line":13,"column":39},"end":{"line":13,"column":93}},"5":{"start":{"line":15,"column":0},"end":{"line":15,"column":26}},"6":{"start":{"line":17,"column":11},"end":{"line":17,"column":71}},"7":{"start":{"line":19,"column":0},"end":{"line":21,"column":3}},"8":{"start":{"line":20,"column":2},"end":{"line":20,"column":43}},"9":{"start":{"line":23,"column":12},"end":{"line":31,"column":1}},"10":{"start":{"line":24,"column":2},"end":{"line":30,"column":5}},"11":{"start":{"line":25,"column":4},"end":{"line":29,"column":7}},"12":{"start":{"line":26,"column":6},"end":{"line":26,"column":19}},"13":{"start":{"line":28,"column":6},"end":{"line":28,"column":16}},"14":{"start":{"line":33,"column":0},"end":{"line":33,"column":24}}},"fnMap":{"0":{"name":"_interopRequireDefault","decl":{"start":{"line":13,"column":9},"end":{"line":13,"column":31}},"loc":{"start":{"line":13,"column":37},"end":{"line":13,"column":95}},"line":13},"1":{"name":"(anonymous_1)","decl":{"start":{"line":19,"column":19},"end":{"line":19,"column":20}},"loc":{"start":{"line":19,"column":31},"end":{"line":21,"column":1}},"line":19},"2":{"name":"query","decl":{"start":{"line":23,"column":21},"end":{"line":23,"column":26}},"loc":{"start":{"line":23,"column":40},"end":{"line":31,"column":1}},"line":23},"3":{"name":"(anonymous_3)","decl":{"start":{"line":24,"column":21},"end":{"line":24,"column":22}},"loc":{"start":{"line":24,"column":48},"end":{"line":30,"column":3}},"line":24},"4":{"name":"(anonymous_4)","decl":{"start":{"line":25,"column":33},"end":{"line":25,"column":34}},"loc":{"start":{"line":25,"column":48},"end":{"line":27,"column":5}},"line":25},"5":{"name":"(anonymous_5)","decl":{"start":{"line":27,"column":13},"end":{"line":27,"column":14}},"loc":{"start":{"line":27,"column":26},"end":{"line":29,"column":5}},"line":27}},"branchMap":{"0":{"loc":{"start":{"line":13,"column":46},"end":{"line":13,"column":92}},"type":"cond-expr","locations":[{"start":{"line":13,"column":70},"end":{"line":13,"column":73}},{"start":{"line":13,"column":76},"end":{"line":13,"column":92}}],"line":13},"1":{"loc":{"start":{"line":13,"column":46},"end":{"line":13,"column":67}},"type":"binary-expr","locations":[{"start":{"line":13,"column":46},"end":{"line":13,"column":49}},{"start":{"line":13,"column":53},"end":{"line":13,"column":67}}],"line":13}},"s":{"0":1,"1":1,"2":1,"3":1,"4":1,"5":1,"6":1,"7":1,"8":3,"9":1,"10":4,"11":4,"12":2,"13":1,"14":1},"f":{"0":1,"1":3,"2":4,"3":4,"4":2,"5":1},"b":{"0":[0,1],"1":[1,1]},"_coverageSchema":"43e27e138ebf9cfc5966b082cf9a028302ed4184","hash":"367660f1a47b0262307f8c289f602a468eccd7f3","contentHash":"376d824af2d66c00bb62a02bc46a06ab"},"C:\\Users\\CEX-PC\\Desktop\\The BootCamp\\project\\politico\\server\\middlewares\\OfficeMiddleware.js":{"path":"C:\\Users\\CEX-PC\\Desktop\\The BootCamp\\project\\politico\\server\\middlewares\\OfficeMiddleware.js","statementMap":{"0":{"start":{"line":3,"column":0},"end":{"line":5,"column":3}},"1":{"start":{"line":7,"column":19},"end":{"line":7,"column":563}},"2":{"start":{"line":7,"column":76},"end":{"line":7,"column":347}},"3":{"start":{"line":7,"column":134},"end":{"line":7,"column":142}},"4":{"start":{"line":7,"column":144},"end":{"line":7,"column":199}},"5":{"start":{"line":7,"column":200},"end":{"line":7,"column":231}},"6":{"start":{"line":7,"column":232},"end":{"line":7,"column":286}},"7":{"start":{"line":7,"column":259},"end":{"line":7,"column":286}},"8":{"start":{"line":7,"column":287},"end":{"line":7,"column":345}},"9":{"start":{"line":7,"column":350},"end":{"line":7,"column":559}},"10":{"start":{"line":7,"column":407},"end":{"line":7,"column":475}},"11":{"start":{"line":7,"column":423},"end":{"line":7,"column":475}},"12":{"start":{"line":7,"column":476},"end":{"line":7,"column":536}},"13":{"start":{"line":7,"column":493},"end":{"line":7,"column":536}},"14":{"start":{"line":7,"column":537},"end":{"line":7,"column":556}},"15":{"start":{"line":9,"column":50},"end":{"line":9,"column":151}},"16":{"start":{"line":9,"column":92},"end":{"line":9,"column":149}},"17":{"start":{"line":11,"column":23},"end":{"line":43,"column":3}},"18":{"start":{"line":13,"column":4},"end":{"line":13,"column":44}},"19":{"start":{"line":16,"column":2},"end":{"line":40,"column":6}},"20":{"start":{"line":19,"column":22},"end":{"line":19,"column":30}},"21":{"start":{"line":20,"column":17},"end":{"line":20,"column":31}},"22":{"start":{"line":21,"column":17},"end":{"line":21,"column":31}},"23":{"start":{"line":23,"column":6},"end":{"line":26,"column":7}},"24":{"start":{"line":24,"column":20},"end":{"line":24,"column":81}},"25":{"start":{"line":25,"column":8},"end":{"line":25,"column":43}},"26":{"start":{"line":27,"column":6},"end":{"line":27,"column":20}},"27":{"start":{"line":32,"column":15},"end":{"line":32,"column":28}},"28":{"start":{"line":34,"column":6},"end":{"line":37,"column":7}},"29":{"start":{"line":35,"column":20},"end":{"line":35,"column":75}},"30":{"start":{"line":36,"column":8},"end":{"line":36,"column":43}},"31":{"start":{"line":38,"column":6},"end":{"line":38,"column":20}},"32":{"start":{"line":42,"column":2},"end":{"line":42,"column":26}},"33":{"start":{"line":45,"column":0},"end":{"line":45,"column":35}}},"fnMap":{"0":{"name":"(anonymous_0)","decl":{"start":{"line":7,"column":19},"end":{"line":7,"column":20}},"loc":{"start":{"line":7,"column":31},"end":{"line":7,"column":561}},"line":7},"1":{"name":"defineProperties","decl":{"start":{"line":7,"column":42},"end":{"line":7,"column":58}},"loc":{"start":{"line":7,"column":74},"end":{"line":7,"column":349}},"line":7},"2":{"name":"(anonymous_2)","decl":{"start":{"line":7,"column":357},"end":{"line":7,"column":358}},"loc":{"start":{"line":7,"column":405},"end":{"line":7,"column":558}},"line":7},"3":{"name":"_classCallCheck","decl":{"start":{"line":9,"column":9},"end":{"line":9,"column":24}},"loc":{"start":{"line":9,"column":48},"end":{"line":9,"column":153}},"line":9},"4":{"name":"(anonymous_4)","decl":{"start":{"line":11,"column":23},"end":{"line":11,"column":24}},"loc":{"start":{"line":11,"column":35},"end":{"line":43,"column":1}},"line":11},"5":{"name":"OfficeMiddleware","decl":{"start":{"line":12,"column":11},"end":{"line":12,"column":27}},"loc":{"start":{"line":12,"column":30},"end":{"line":14,"column":3}},"line":12},"6":{"name":"create","decl":{"start":{"line":18,"column":20},"end":{"line":18,"column":26}},"loc":{"start":{"line":18,"column":43},"end":{"line":28,"column":5}},"line":18},"7":{"name":"checkId","decl":{"start":{"line":31,"column":20},"end":{"line":31,"column":27}},"loc":{"start":{"line":31,"column":44},"end":{"line":39,"column":5}},"line":31}},"branchMap":{"0":{"loc":{"start":{"line":7,"column":168},"end":{"line":7,"column":198}},"type":"binary-expr","locations":[{"start":{"line":7,"column":168},"end":{"line":7,"column":189}},{"start":{"line":7,"column":193},"end":{"line":7,"column":198}}],"line":7},"1":{"loc":{"start":{"line":7,"column":232},"end":{"line":7,"column":286}},"type":"if","locations":[{"start":{"line":7,"column":232},"end":{"line":7,"column":286}},{"start":{"line":7,"column":232},"end":{"line":7,"column":286}}],"line":7},"2":{"loc":{"start":{"line":7,"column":407},"end":{"line":7,"column":475}},"type":"if","locations":[{"start":{"line":7,"column":407},"end":{"line":7,"column":475}},{"start":{"line":7,"column":407},"end":{"line":7,"column":475}}],"line":7},"3":{"loc":{"start":{"line":7,"column":476},"end":{"line":7,"column":536}},"type":"if","locations":[{"start":{"line":7,"column":476},"end":{"line":7,"column":536}},{"start":{"line":7,"column":476},"end":{"line":7,"column":536}}],"line":7},"4":{"loc":{"start":{"line":9,"column":50},"end":{"line":9,"column":151}},"type":"if","locations":[{"start":{"line":9,"column":50},"end":{"line":9,"column":151}},{"start":{"line":9,"column":50},"end":{"line":9,"column":151}}],"line":9},"5":{"loc":{"start":{"line":23,"column":6},"end":{"line":26,"column":7}},"type":"if","locations":[{"start":{"line":23,"column":6},"end":{"line":26,"column":7}},{"start":{"line":23,"column":6},"end":{"line":26,"column":7}}],"line":23},"6":{"loc":{"start":{"line":23,"column":10},"end":{"line":23,"column":24}},"type":"binary-expr","locations":[{"start":{"line":23,"column":10},"end":{"line":23,"column":15}},{"start":{"line":23,"column":19},"end":{"line":23,"column":24}}],"line":23},"7":{"loc":{"start":{"line":34,"column":6},"end":{"line":37,"column":7}},"type":"if","locations":[{"start":{"line":34,"column":6},"end":{"line":37,"column":7}},{"start":{"line":34,"column":6},"end":{"line":37,"column":7}}],"line":34}},"s":{"0":1,"1":1,"2":1,"3":2,"4":2,"5":2,"6":2,"7":2,"8":2,"9":1,"10":1,"11":0,"12":1,"13":1,"14":1,"15":0,"16":0,"17":1,"18":0,"19":1,"20":0,"21":0,"22":0,"23":0,"24":0,"25":0,"26":0,"27":0,"28":0,"29":0,"30":0,"31":0,"32":1,"33":1},"f":{"0":1,"1":1,"2":1,"3":0,"4":1,"5":0,"6":0,"7":0},"b":{"0":[2,2],"1":[2,0],"2":[0,1],"3":[1,0],"4":[0,0],"5":[0,0],"6":[0,0],"7":[0,0]},"_coverageSchema":"43e27e138ebf9cfc5966b082cf9a028302ed4184","hash":"2f1cf52066c7c759aed515088054c1357ee8823d","contentHash":"9bd59c3e7a31a89b0817ee05944c2abf"},"C:\\Users\\CEX-PC\\Desktop\\The BootCamp\\project\\politico\\server\\middlewares\\AdminMiddleware.js":{"path":"C:\\Users\\CEX-PC\\Desktop\\The BootCamp\\project\\politico\\server\\middlewares\\AdminMiddleware.js","statementMap":{"0":{"start":{"line":3,"column":0},"end":{"line":5,"column":3}},"1":{"start":{"line":7,"column":19},"end":{"line":7,"column":563}},"2":{"start":{"line":7,"column":76},"end":{"line":7,"column":347}},"3":{"start":{"line":7,"column":134},"end":{"line":7,"column":142}},"4":{"start":{"line":7,"column":144},"end":{"line":7,"column":199}},"5":{"start":{"line":7,"column":200},"end":{"line":7,"column":231}},"6":{"start":{"line":7,"column":232},"end":{"line":7,"column":286}},"7":{"start":{"line":7,"column":259},"end":{"line":7,"column":286}},"8":{"start":{"line":7,"column":287},"end":{"line":7,"column":345}},"9":{"start":{"line":7,"column":350},"end":{"line":7,"column":559}},"10":{"start":{"line":7,"column":407},"end":{"line":7,"column":475}},"11":{"start":{"line":7,"column":423},"end":{"line":7,"column":475}},"12":{"start":{"line":7,"column":476},"end":{"line":7,"column":536}},"13":{"start":{"line":7,"column":493},"end":{"line":7,"column":536}},"14":{"start":{"line":7,"column":537},"end":{"line":7,"column":556}},"15":{"start":{"line":9,"column":18},"end":{"line":9,"column":49}},"16":{"start":{"line":11,"column":19},"end":{"line":11,"column":54}},"17":{"start":{"line":13,"column":39},"end":{"line":13,"column":93}},"18":{"start":{"line":15,"column":50},"end":{"line":15,"column":151}},"19":{"start":{"line":15,"column":92},"end":{"line":15,"column":149}},"20":{"start":{"line":17,"column":22},"end":{"line":39,"column":3}},"21":{"start":{"line":19,"column":4},"end":{"line":19,"column":43}},"22":{"start":{"line":22,"column":2},"end":{"line":36,"column":6}},"23":{"start":{"line":25,"column":18},"end":{"line":25,"column":95}},"24":{"start":{"line":26,"column":18},"end":{"line":26,"column":38}},"25":{"start":{"line":27,"column":6},"end":{"line":34,"column":9}},"26":{"start":{"line":28,"column":8},"end":{"line":30,"column":9}},"27":{"start":{"line":29,"column":10},"end":{"line":29,"column":45}},"28":{"start":{"line":31,"column":8},"end":{"line":31,"column":22}},"29":{"start":{"line":33,"column":8},"end":{"line":33,"column":43}},"30":{"start":{"line":38,"column":2},"end":{"line":38,"column":25}},"31":{"start":{"line":41,"column":0},"end":{"line":41,"column":34}}},"fnMap":{"0":{"name":"(anonymous_0)","decl":{"start":{"line":7,"column":19},"end":{"line":7,"column":20}},"loc":{"start":{"line":7,"column":31},"end":{"line":7,"column":561}},"line":7},"1":{"name":"defineProperties","decl":{"start":{"line":7,"column":42},"end":{"line":7,"column":58}},"loc":{"start":{"line":7,"column":74},"end":{"line":7,"column":349}},"line":7},"2":{"name":"(anonymous_2)","decl":{"start":{"line":7,"column":357},"end":{"line":7,"column":358}},"loc":{"start":{"line":7,"column":405},"end":{"line":7,"column":558}},"line":7},"3":{"name":"_interopRequireDefault","decl":{"start":{"line":13,"column":9},"end":{"line":13,"column":31}},"loc":{"start":{"line":13,"column":37},"end":{"line":13,"column":95}},"line":13},"4":{"name":"_classCallCheck","decl":{"start":{"line":15,"column":9},"end":{"line":15,"column":24}},"loc":{"start":{"line":15,"column":48},"end":{"line":15,"column":153}},"line":15},"5":{"name":"(anonymous_5)","decl":{"start":{"line":17,"column":22},"end":{"line":17,"column":23}},"loc":{"start":{"line":17,"column":34},"end":{"line":39,"column":1}},"line":17},"6":{"name":"AdminMiddleware","decl":{"start":{"line":18,"column":11},"end":{"line":18,"column":26}},"loc":{"start":{"line":18,"column":29},"end":{"line":20,"column":3}},"line":18},"7":{"name":"isAdmin","decl":{"start":{"line":24,"column":20},"end":{"line":24,"column":27}},"loc":{"start":{"line":24,"column":44},"end":{"line":35,"column":5}},"line":24},"8":{"name":"(anonymous_8)","decl":{"start":{"line":27,"column":51},"end":{"line":27,"column":52}},"loc":{"start":{"line":27,"column":67},"end":{"line":32,"column":7}},"line":27},"9":{"name":"(anonymous_9)","decl":{"start":{"line":32,"column":15},"end":{"line":32,"column":16}},"loc":{"start":{"line":32,"column":27},"end":{"line":34,"column":7}},"line":32}},"branchMap":{"0":{"loc":{"start":{"line":7,"column":168},"end":{"line":7,"column":198}},"type":"binary-expr","locations":[{"start":{"line":7,"column":168},"end":{"line":7,"column":189}},{"start":{"line":7,"column":193},"end":{"line":7,"column":198}}],"line":7},"1":{"loc":{"start":{"line":7,"column":232},"end":{"line":7,"column":286}},"type":"if","locations":[{"start":{"line":7,"column":232},"end":{"line":7,"column":286}},{"start":{"line":7,"column":232},"end":{"line":7,"column":286}}],"line":7},"2":{"loc":{"start":{"line":7,"column":407},"end":{"line":7,"column":475}},"type":"if","locations":[{"start":{"line":7,"column":407},"end":{"line":7,"column":475}},{"start":{"line":7,"column":407},"end":{"line":7,"column":475}}],"line":7},"3":{"loc":{"start":{"line":7,"column":476},"end":{"line":7,"column":536}},"type":"if","locations":[{"start":{"line":7,"column":476},"end":{"line":7,"column":536}},{"start":{"line":7,"column":476},"end":{"line":7,"column":536}}],"line":7},"4":{"loc":{"start":{"line":13,"column":46},"end":{"line":13,"column":92}},"type":"cond-expr","locations":[{"start":{"line":13,"column":70},"end":{"line":13,"column":73}},{"start":{"line":13,"column":76},"end":{"line":13,"column":92}}],"line":13},"5":{"loc":{"start":{"line":13,"column":46},"end":{"line":13,"column":67}},"type":"binary-expr","locations":[{"start":{"line":13,"column":46},"end":{"line":13,"column":49}},{"start":{"line":13,"column":53},"end":{"line":13,"column":67}}],"line":13},"6":{"loc":{"start":{"line":15,"column":50},"end":{"line":15,"column":151}},"type":"if","locations":[{"start":{"line":15,"column":50},"end":{"line":15,"column":151}},{"start":{"line":15,"column":50},"end":{"line":15,"column":151}}],"line":15},"7":{"loc":{"start":{"line":28,"column":8},"end":{"line":30,"column":9}},"type":"if","locations":[{"start":{"line":28,"column":8},"end":{"line":30,"column":9}},{"start":{"line":28,"column":8},"end":{"line":30,"column":9}}],"line":28},"8":{"loc":{"start":{"line":28,"column":12},"end":{"line":28,"column":42}},"type":"binary-expr","locations":[{"start":{"line":28,"column":12},"end":{"line":28,"column":17}},{"start":{"line":28,"column":21},"end":{"line":28,"column":42}}],"line":28}},"s":{"0":1,"1":1,"2":1,"3":1,"4":1,"5":1,"6":1,"7":1,"8":1,"9":1,"10":1,"11":0,"12":1,"13":1,"14":1,"15":1,"16":1,"17":1,"18":0,"19":0,"20":1,"21":0,"22":1,"23":10,"24":10,"25":10,"26":0,"27":0,"28":0,"29":10,"30":1,"31":1},"f":{"0":1,"1":1,"2":1,"3":1,"4":0,"5":1,"6":0,"7":10,"8":0,"9":10},"b":{"0":[1,1],"1":[1,0],"2":[0,1],"3":[1,0],"4":[1,0],"5":[1,1],"6":[0,0],"7":[0,0],"8":[0,0]},"_coverageSchema":"43e27e138ebf9cfc5966b082cf9a028302ed4184","hash":"14818c0de6b7244b2bd9bbe553fe230f4e7ba05c","contentHash":"f73bc0a609baaab1887f82667ebf883d"},"C:\\Users\\CEX-PC\\Desktop\\The BootCamp\\project\\politico\\server\\models\\TokenModel.js":{"path":"C:\\Users\\CEX-PC\\Desktop\\The BootCamp\\project\\politico\\server\\models\\TokenModel.js","statementMap":{"0":{"start":{"line":3,"column":0},"end":{"line":5,"column":3}},"1":{"start":{"line":7,"column":19},"end":{"line":7,"column":563}},"2":{"start":{"line":7,"column":76},"end":{"line":7,"column":347}},"3":{"start":{"line":7,"column":134},"end":{"line":7,"column":142}},"4":{"start":{"line":7,"column":144},"end":{"line":7,"column":199}},"5":{"start":{"line":7,"column":200},"end":{"line":7,"column":231}},"6":{"start":{"line":7,"column":232},"end":{"line":7,"column":286}},"7":{"start":{"line":7,"column":259},"end":{"line":7,"column":286}},"8":{"start":{"line":7,"column":287},"end":{"line":7,"column":345}},"9":{"start":{"line":7,"column":350},"end":{"line":7,"column":559}},"10":{"start":{"line":7,"column":407},"end":{"line":7,"column":475}},"11":{"start":{"line":7,"column":423},"end":{"line":7,"column":475}},"12":{"start":{"line":7,"column":476},"end":{"line":7,"column":536}},"13":{"start":{"line":7,"column":493},"end":{"line":7,"column":536}},"14":{"start":{"line":7,"column":537},"end":{"line":7,"column":556}},"15":{"start":{"line":9,"column":20},"end":{"line":9,"column":43}},"16":{"start":{"line":11,"column":21},"end":{"line":11,"column":58}},"17":{"start":{"line":13,"column":17},"end":{"line":13,"column":42}},"18":{"start":{"line":15,"column":18},"end":{"line":15,"column":52}},"19":{"start":{"line":17,"column":39},"end":{"line":17,"column":93}},"20":{"start":{"line":19,"column":50},"end":{"line":19,"column":151}},"21":{"start":{"line":19,"column":92},"end":{"line":19,"column":149}},"22":{"start":{"line":21,"column":17},"end":{"line":99,"column":3}},"23":{"start":{"line":23,"column":17},"end":{"line":23,"column":87}},"24":{"start":{"line":24,"column":15},"end":{"line":24,"column":85}},"25":{"start":{"line":26,"column":4},"end":{"line":26,"column":38}},"26":{"start":{"line":28,"column":4},"end":{"line":28,"column":21}},"27":{"start":{"line":29,"column":4},"end":{"line":29,"column":25}},"28":{"start":{"line":30,"column":4},"end":{"line":30,"column":23}},"29":{"start":{"line":31,"column":4},"end":{"line":31,"column":19}},"30":{"start":{"line":34,"column":2},"end":{"line":96,"column":6}},"31":{"start":{"line":37,"column":6},"end":{"line":37,"column":29}},"32":{"start":{"line":42,"column":6},"end":{"line":42,"column":23}},"33":{"start":{"line":47,"column":18},"end":{"line":47,"column":22}},"34":{"start":{"line":48,"column":23},"end":{"line":48,"column":65}},"35":{"start":{"line":49,"column":16},"end":{"line":49,"column":93}},"36":{"start":{"line":51,"column":6},"end":{"line":55,"column":9}},"37":{"start":{"line":52,"column":8},"end":{"line":52,"column":47}},"38":{"start":{"line":54,"column":8},"end":{"line":54,"column":33}},"39":{"start":{"line":60,"column":18},"end":{"line":60,"column":34}},"40":{"start":{"line":61,"column":15},"end":{"line":61,"column":22}},"41":{"start":{"line":62,"column":22},"end":{"line":62,"column":36}},"42":{"start":{"line":63,"column":21},"end":{"line":63,"column":34}},"43":{"start":{"line":64,"column":22},"end":{"line":64,"column":36}},"44":{"start":{"line":65,"column":18},"end":{"line":65,"column":28}},"45":{"start":{"line":66,"column":24},"end":{"line":66,"column":40}},"46":{"start":{"line":67,"column":24},"end":{"line":67,"column":40}},"47":{"start":{"line":68,"column":20},"end":{"line":68,"column":32}},"48":{"start":{"line":70,"column":6},"end":{"line":72,"column":38}},"49":{"start":{"line":77,"column":21},"end":{"line":77,"column":37}},"50":{"start":{"line":78,"column":17},"end":{"line":78,"column":23}},"51":{"start":{"line":79,"column":6},"end":{"line":84,"column":7}},"52":{"start":{"line":80,"column":8},"end":{"line":80,"column":72}},"53":{"start":{"line":81,"column":8},"end":{"line":81,"column":37}},"54":{"start":{"line":83,"column":8},"end":{"line":83,"column":33}},"55":{"start":{"line":89,"column":6},"end":{"line":94,"column":9}},"56":{"start":{"line":90,"column":24},"end":{"line":90,"column":59}},"57":{"start":{"line":91,"column":8},"end":{"line":91,"column":49}},"58":{"start":{"line":93,"column":8},"end":{"line":93,"column":33}},"59":{"start":{"line":98,"column":2},"end":{"line":98,"column":20}},"60":{"start":{"line":101,"column":0},"end":{"line":101,"column":29}}},"fnMap":{"0":{"name":"(anonymous_0)","decl":{"start":{"line":7,"column":19},"end":{"line":7,"column":20}},"loc":{"start":{"line":7,"column":31},"end":{"line":7,"column":561}},"line":7},"1":{"name":"defineProperties","decl":{"start":{"line":7,"column":42},"end":{"line":7,"column":58}},"loc":{"start":{"line":7,"column":74},"end":{"line":7,"column":349}},"line":7},"2":{"name":"(anonymous_2)","decl":{"start":{"line":7,"column":357},"end":{"line":7,"column":358}},"loc":{"start":{"line":7,"column":405},"end":{"line":7,"column":558}},"line":7},"3":{"name":"_interopRequireDefault","decl":{"start":{"line":17,"column":9},"end":{"line":17,"column":31}},"loc":{"start":{"line":17,"column":37},"end":{"line":17,"column":95}},"line":17},"4":{"name":"_classCallCheck","decl":{"start":{"line":19,"column":9},"end":{"line":19,"column":24}},"loc":{"start":{"line":19,"column":48},"end":{"line":19,"column":153}},"line":19},"5":{"name":"(anonymous_5)","decl":{"start":{"line":21,"column":17},"end":{"line":21,"column":18}},"loc":{"start":{"line":21,"column":29},"end":{"line":99,"column":1}},"line":21},"6":{"name":"TokenModel","decl":{"start":{"line":22,"column":11},"end":{"line":22,"column":21}},"loc":{"start":{"line":22,"column":29},"end":{"line":32,"column":3}},"line":22},"7":{"name":"setSalt","decl":{"start":{"line":36,"column":20},"end":{"line":36,"column":27}},"loc":{"start":{"line":36,"column":30},"end":{"line":38,"column":5}},"line":36},"8":{"name":"getSalt","decl":{"start":{"line":41,"column":20},"end":{"line":41,"column":27}},"loc":{"start":{"line":41,"column":30},"end":{"line":43,"column":5}},"line":41},"9":{"name":"save","decl":{"start":{"line":46,"column":20},"end":{"line":46,"column":24}},"loc":{"start":{"line":46,"column":27},"end":{"line":56,"column":5}},"line":46},"10":{"name":"(anonymous_10)","decl":{"start":{"line":51,"column":60},"end":{"line":51,"column":61}},"loc":{"start":{"line":51,"column":78},"end":{"line":53,"column":7}},"line":51},"11":{"name":"(anonymous_11)","decl":{"start":{"line":53,"column":15},"end":{"line":53,"column":16}},"loc":{"start":{"line":53,"column":28},"end":{"line":55,"column":7}},"line":53},"12":{"name":"generateToken","decl":{"start":{"line":59,"column":20},"end":{"line":59,"column":33}},"loc":{"start":{"line":59,"column":48},"end":{"line":73,"column":5}},"line":59},"13":{"name":"decodeToken","decl":{"start":{"line":76,"column":20},"end":{"line":76,"column":31}},"loc":{"start":{"line":76,"column":39},"end":{"line":85,"column":5}},"line":76},"14":{"name":"saveToken","decl":{"start":{"line":88,"column":20},"end":{"line":88,"column":29}},"loc":{"start":{"line":88,"column":44},"end":{"line":95,"column":5}},"line":88},"15":{"name":"(anonymous_15)","decl":{"start":{"line":89,"column":57},"end":{"line":89,"column":58}},"loc":{"start":{"line":89,"column":74},"end":{"line":92,"column":7}},"line":89},"16":{"name":"(anonymous_16)","decl":{"start":{"line":92,"column":15},"end":{"line":92,"column":16}},"loc":{"start":{"line":92,"column":28},"end":{"line":94,"column":7}},"line":92}},"branchMap":{"0":{"loc":{"start":{"line":7,"column":168},"end":{"line":7,"column":198}},"type":"binary-expr","locations":[{"start":{"line":7,"column":168},"end":{"line":7,"column":189}},{"start":{"line":7,"column":193},"end":{"line":7,"column":198}}],"line":7},"1":{"loc":{"start":{"line":7,"column":232},"end":{"line":7,"column":286}},"type":"if","locations":[{"start":{"line":7,"column":232},"end":{"line":7,"column":286}},{"start":{"line":7,"column":232},"end":{"line":7,"column":286}}],"line":7},"2":{"loc":{"start":{"line":7,"column":407},"end":{"line":7,"column":475}},"type":"if","locations":[{"start":{"line":7,"column":407},"end":{"line":7,"column":475}},{"start":{"line":7,"column":407},"end":{"line":7,"column":475}}],"line":7},"3":{"loc":{"start":{"line":7,"column":476},"end":{"line":7,"column":536}},"type":"if","locations":[{"start":{"line":7,"column":476},"end":{"line":7,"column":536}},{"start":{"line":7,"column":476},"end":{"line":7,"column":536}}],"line":7},"4":{"loc":{"start":{"line":17,"column":46},"end":{"line":17,"column":92}},"type":"cond-expr","locations":[{"start":{"line":17,"column":70},"end":{"line":17,"column":73}},{"start":{"line":17,"column":76},"end":{"line":17,"column":92}}],"line":17},"5":{"loc":{"start":{"line":17,"column":46},"end":{"line":17,"column":67}},"type":"binary-expr","locations":[{"start":{"line":17,"column":46},"end":{"line":17,"column":49}},{"start":{"line":17,"column":53},"end":{"line":17,"column":67}}],"line":17},"6":{"loc":{"start":{"line":19,"column":50},"end":{"line":19,"column":151}},"type":"if","locations":[{"start":{"line":19,"column":50},"end":{"line":19,"column":151}},{"start":{"line":19,"column":50},"end":{"line":19,"column":151}}],"line":19},"7":{"loc":{"start":{"line":23,"column":17},"end":{"line":23,"column":87}},"type":"cond-expr","locations":[{"start":{"line":23,"column":70},"end":{"line":23,"column":82}},{"start":{"line":23,"column":85},"end":{"line":23,"column":87}}],"line":23},"8":{"loc":{"start":{"line":23,"column":17},"end":{"line":23,"column":67}},"type":"binary-expr","locations":[{"start":{"line":23,"column":17},"end":{"line":23,"column":37}},{"start":{"line":23,"column":41},"end":{"line":23,"column":67}}],"line":23},"9":{"loc":{"start":{"line":24,"column":15},"end":{"line":24,"column":85}},"type":"cond-expr","locations":[{"start":{"line":24,"column":68},"end":{"line":24,"column":80}},{"start":{"line":24,"column":83},"end":{"line":24,"column":85}}],"line":24},"10":{"loc":{"start":{"line":24,"column":15},"end":{"line":24,"column":65}},"type":"binary-expr","locations":[{"start":{"line":24,"column":15},"end":{"line":24,"column":35}},{"start":{"line":24,"column":39},"end":{"line":24,"column":65}}],"line":24}},"s":{"0":1,"1":1,"2":2,"3":6,"4":6,"5":6,"6":6,"7":6,"8":6,"9":1,"10":1,"11":1,"12":1,"13":1,"14":1,"15":1,"16":1,"17":1,"18":1,"19":2,"20":20,"21":0,"22":1,"23":20,"24":20,"25":20,"26":20,"27":20,"28":20,"29":20,"30":1,"31":20,"32":19,"33":1,"34":1,"35":1,"36":1,"37":1,"38":0,"39":1,"40":1,"41":1,"42":1,"43":1,"44":1,"45":1,"46":1,"47":1,"48":1,"49":18,"50":18,"51":18,"52":18,"53":0,"54":18,"55":1,"56":1,"57":1,"58":0,"59":1,"60":1},"f":{"0":1,"1":2,"2":1,"3":2,"4":20,"5":1,"6":20,"7":20,"8":19,"9":1,"10":1,"11":0,"12":1,"13":18,"14":1,"15":1,"16":0},"b":{"0":[6,6],"1":[6,0],"2":[1,0],"3":[1,0],"4":[1,1],"5":[2,2],"6":[0,20],"7":[1,19],"8":[20,1],"9":[1,19],"10":[20,1]},"_coverageSchema":"43e27e138ebf9cfc5966b082cf9a028302ed4184","hash":"6fd050d3fd0f1aa0b36264410a8848b1c118b435","contentHash":"89f135b3d4a825fe0102b4dbe185f31e"},"C:\\Users\\CEX-PC\\Desktop\\The BootCamp\\project\\politico\\server\\middlewares\\UserMiddleware.js":{"path":"C:\\Users\\CEX-PC\\Desktop\\The BootCamp\\project\\politico\\server\\middlewares\\UserMiddleware.js","statementMap":{"0":{"start":{"line":3,"column":0},"end":{"line":5,"column":3}},"1":{"start":{"line":7,"column":19},"end":{"line":7,"column":563}},"2":{"start":{"line":7,"column":76},"end":{"line":7,"column":347}},"3":{"start":{"line":7,"column":134},"end":{"line":7,"column":142}},"4":{"start":{"line":7,"column":144},"end":{"line":7,"column":199}},"5":{"start":{"line":7,"column":200},"end":{"line":7,"column":231}},"6":{"start":{"line":7,"column":232},"end":{"line":7,"column":286}},"7":{"start":{"line":7,"column":259},"end":{"line":7,"column":286}},"8":{"start":{"line":7,"column":287},"end":{"line":7,"column":345}},"9":{"start":{"line":7,"column":350},"end":{"line":7,"column":559}},"10":{"start":{"line":7,"column":407},"end":{"line":7,"column":475}},"11":{"start":{"line":7,"column":423},"end":{"line":7,"column":475}},"12":{"start":{"line":7,"column":476},"end":{"line":7,"column":536}},"13":{"start":{"line":7,"column":493},"end":{"line":7,"column":536}},"14":{"start":{"line":7,"column":537},"end":{"line":7,"column":556}},"15":{"start":{"line":9,"column":18},"end":{"line":9,"column":49}},"16":{"start":{"line":11,"column":19},"end":{"line":11,"column":54}},"17":{"start":{"line":13,"column":39},"end":{"line":13,"column":93}},"18":{"start":{"line":15,"column":50},"end":{"line":15,"column":151}},"19":{"start":{"line":15,"column":92},"end":{"line":15,"column":149}},"20":{"start":{"line":17,"column":21},"end":{"line":136,"column":3}},"21":{"start":{"line":19,"column":4},"end":{"line":19,"column":42}},"22":{"start":{"line":22,"column":2},"end":{"line":133,"column":6}},"23":{"start":{"line":25,"column":18},"end":{"line":25,"column":24}},"24":{"start":{"line":26,"column":22},"end":{"line":26,"column":30}},"25":{"start":{"line":27,"column":18},"end":{"line":27,"column":33}},"26":{"start":{"line":28,"column":24},"end":{"line":28,"column":45}},"27":{"start":{"line":29,"column":22},"end":{"line":29,"column":41}},"28":{"start":{"line":30,"column":21},"end":{"line":30,"column":39}},"29":{"start":{"line":31,"column":24},"end":{"line":31,"column":45}},"30":{"start":{"line":32,"column":21},"end":{"line":32,"column":39}},"31":{"start":{"line":35,"column":6},"end":{"line":38,"column":7}},"32":{"start":{"line":36,"column":8},"end":{"line":36,"column":145}},"33":{"start":{"line":37,"column":8},"end":{"line":37,"column":43}},"34":{"start":{"line":40,"column":6},"end":{"line":43,"column":7}},"35":{"start":{"line":41,"column":8},"end":{"line":41,"column":85}},"36":{"start":{"line":42,"column":8},"end":{"line":42,"column":43}},"37":{"start":{"line":45,"column":6},"end":{"line":48,"column":7}},"38":{"start":{"line":46,"column":8},"end":{"line":46,"column":80}},"39":{"start":{"line":47,"column":8},"end":{"line":47,"column":43}},"40":{"start":{"line":50,"column":6},"end":{"line":53,"column":7}},"41":{"start":{"line":51,"column":8},"end":{"line":51,"column":92}},"42":{"start":{"line":52,"column":8},"end":{"line":52,"column":43}},"43":{"start":{"line":55,"column":6},"end":{"line":58,"column":7}},"44":{"start":{"line":56,"column":8},"end":{"line":56,"column":97}},"45":{"start":{"line":57,"column":8},"end":{"line":57,"column":43}},"46":{"start":{"line":60,"column":6},"end":{"line":60,"column":20}},"47":{"start":{"line":65,"column":18},"end":{"line":65,"column":24}},"48":{"start":{"line":67,"column":6},"end":{"line":70,"column":7}},"49":{"start":{"line":68,"column":8},"end":{"line":68,"column":75}},"50":{"start":{"line":69,"column":8},"end":{"line":69,"column":43}},"51":{"start":{"line":72,"column":6},"end":{"line":75,"column":7}},"52":{"start":{"line":73,"column":8},"end":{"line":73,"column":103}},"53":{"start":{"line":74,"column":8},"end":{"line":74,"column":43}},"54":{"start":{"line":77,"column":6},"end":{"line":77,"column":20}},"55":{"start":{"line":82,"column":6},"end":{"line":83,"column":8}},"56":{"start":{"line":88,"column":6},"end":{"line":89,"column":8}},"57":{"start":{"line":94,"column":6},"end":{"line":94,"column":32}},"58":{"start":{"line":99,"column":15},"end":{"line":99,"column":28}},"59":{"start":{"line":101,"column":6},"end":{"line":104,"column":7}},"60":{"start":{"line":102,"column":20},"end":{"line":102,"column":75}},"61":{"start":{"line":103,"column":8},"end":{"line":103,"column":43}},"62":{"start":{"line":105,"column":6},"end":{"line":105,"column":20}},"63":{"start":{"line":110,"column":18},"end":{"line":110,"column":38}},"64":{"start":{"line":111,"column":6},"end":{"line":118,"column":9}},"65":{"start":{"line":112,"column":8},"end":{"line":114,"column":9}},"66":{"start":{"line":113,"column":10},"end":{"line":113,"column":24}},"67":{"start":{"line":115,"column":8},"end":{"line":115,"column":81}},"68":{"start":{"line":117,"column":8},"end":{"line":117,"column":81}},"69":{"start":{"line":123,"column":18},"end":{"line":123,"column":38}},"70":{"start":{"line":124,"column":6},"end":{"line":131,"column":9}},"71":{"start":{"line":125,"column":8},"end":{"line":127,"column":9}},"72":{"start":{"line":126,"column":10},"end":{"line":126,"column":24}},"73":{"start":{"line":128,"column":8},"end":{"line":128,"column":81}},"74":{"start":{"line":130,"column":8},"end":{"line":130,"column":81}},"75":{"start":{"line":135,"column":2},"end":{"line":135,"column":24}},"76":{"start":{"line":138,"column":0},"end":{"line":138,"column":33}}},"fnMap":{"0":{"name":"(anonymous_0)","decl":{"start":{"line":7,"column":19},"end":{"line":7,"column":20}},"loc":{"start":{"line":7,"column":31},"end":{"line":7,"column":561}},"line":7},"1":{"name":"defineProperties","decl":{"start":{"line":7,"column":42},"end":{"line":7,"column":58}},"loc":{"start":{"line":7,"column":74},"end":{"line":7,"column":349}},"line":7},"2":{"name":"(anonymous_2)","decl":{"start":{"line":7,"column":357},"end":{"line":7,"column":358}},"loc":{"start":{"line":7,"column":405},"end":{"line":7,"column":558}},"line":7},"3":{"name":"_interopRequireDefault","decl":{"start":{"line":13,"column":9},"end":{"line":13,"column":31}},"loc":{"start":{"line":13,"column":37},"end":{"line":13,"column":95}},"line":13},"4":{"name":"_classCallCheck","decl":{"start":{"line":15,"column":9},"end":{"line":15,"column":24}},"loc":{"start":{"line":15,"column":48},"end":{"line":15,"column":153}},"line":15},"5":{"name":"(anonymous_5)","decl":{"start":{"line":17,"column":21},"end":{"line":17,"column":22}},"loc":{"start":{"line":17,"column":33},"end":{"line":136,"column":1}},"line":17},"6":{"name":"UserMiddleware","decl":{"start":{"line":18,"column":11},"end":{"line":18,"column":25}},"loc":{"start":{"line":18,"column":28},"end":{"line":20,"column":3}},"line":18},"7":{"name":"create","decl":{"start":{"line":24,"column":20},"end":{"line":24,"column":26}},"loc":{"start":{"line":24,"column":43},"end":{"line":61,"column":5}},"line":24},"8":{"name":"login","decl":{"start":{"line":64,"column":20},"end":{"line":64,"column":25}},"loc":{"start":{"line":64,"column":42},"end":{"line":78,"column":5}},"line":64},"9":{"name":"validateEmail","decl":{"start":{"line":81,"column":20},"end":{"line":81,"column":33}},"loc":{"start":{"line":81,"column":41},"end":{"line":84,"column":5}},"line":81},"10":{"name":"validatePhone","decl":{"start":{"line":87,"column":20},"end":{"line":87,"column":33}},"loc":{"start":{"line":87,"column":41},"end":{"line":90,"column":5}},"line":87},"11":{"name":"validateString","decl":{"start":{"line":93,"column":20},"end":{"line":93,"column":34}},"loc":{"start":{"line":93,"column":40},"end":{"line":95,"column":5}},"line":93},"12":{"name":"checkId","decl":{"start":{"line":98,"column":20},"end":{"line":98,"column":27}},"loc":{"start":{"line":98,"column":44},"end":{"line":106,"column":5}},"line":98},"13":{"name":"isAdmin","decl":{"start":{"line":109,"column":20},"end":{"line":109,"column":27}},"loc":{"start":{"line":109,"column":44},"end":{"line":119,"column":5}},"line":109},"14":{"name":"(anonymous_14)","decl":{"start":{"line":111,"column":51},"end":{"line":111,"column":52}},"loc":{"start":{"line":111,"column":67},"end":{"line":116,"column":7}},"line":111},"15":{"name":"(anonymous_15)","decl":{"start":{"line":116,"column":15},"end":{"line":116,"column":16}},"loc":{"start":{"line":116,"column":27},"end":{"line":118,"column":7}},"line":116},"16":{"name":"isUser","decl":{"start":{"line":122,"column":20},"end":{"line":122,"column":26}},"loc":{"start":{"line":122,"column":43},"end":{"line":132,"column":5}},"line":122},"17":{"name":"(anonymous_17)","decl":{"start":{"line":124,"column":51},"end":{"line":124,"column":52}},"loc":{"start":{"line":124,"column":67},"end":{"line":129,"column":7}},"line":124},"18":{"name":"(anonymous_18)","decl":{"start":{"line":129,"column":15},"end":{"line":129,"column":16}},"loc":{"start":{"line":129,"column":27},"end":{"line":131,"column":7}},"line":129}},"branchMap":{"0":{"loc":{"start":{"line":7,"column":168},"end":{"line":7,"column":198}},"type":"binary-expr","locations":[{"start":{"line":7,"column":168},"end":{"line":7,"column":189}},{"start":{"line":7,"column":193},"end":{"line":7,"column":198}}],"line":7},"1":{"loc":{"start":{"line":7,"column":232},"end":{"line":7,"column":286}},"type":"if","locations":[{"start":{"line":7,"column":232},"end":{"line":7,"column":286}},{"start":{"line":7,"column":232},"end":{"line":7,"column":286}}],"line":7},"2":{"loc":{"start":{"line":7,"column":407},"end":{"line":7,"column":475}},"type":"if","locations":[{"start":{"line":7,"column":407},"end":{"line":7,"column":475}},{"start":{"line":7,"column":407},"end":{"line":7,"column":475}}],"line":7},"3":{"loc":{"start":{"line":7,"column":476},"end":{"line":7,"column":536}},"type":"if","locations":[{"start":{"line":7,"column":476},"end":{"line":7,"column":536}},{"start":{"line":7,"column":476},"end":{"line":7,"column":536}}],"line":7},"4":{"loc":{"start":{"line":13,"column":46},"end":{"line":13,"column":92}},"type":"cond-expr","locations":[{"start":{"line":13,"column":70},"end":{"line":13,"column":73}},{"start":{"line":13,"column":76},"end":{"line":13,"column":92}}],"line":13},"5":{"loc":{"start":{"line":13,"column":46},"end":{"line":13,"column":67}},"type":"binary-expr","locations":[{"start":{"line":13,"column":46},"end":{"line":13,"column":49}},{"start":{"line":13,"column":53},"end":{"line":13,"column":67}}],"line":13},"6":{"loc":{"start":{"line":15,"column":50},"end":{"line":15,"column":151}},"type":"if","locations":[{"start":{"line":15,"column":50},"end":{"line":15,"column":151}},{"start":{"line":15,"column":50},"end":{"line":15,"column":151}}],"line":15},"7":{"loc":{"start":{"line":35,"column":6},"end":{"line":38,"column":7}},"type":"if","locations":[{"start":{"line":35,"column":6},"end":{"line":38,"column":7}},{"start":{"line":35,"column":6},"end":{"line":38,"column":7}}],"line":35},"8":{"loc":{"start":{"line":35,"column":10},"end":{"line":35,"column":130}},"type":"binary-expr","locations":[{"start":{"line":35,"column":10},"end":{"line":35,"column":23}},{"start":{"line":35,"column":27},"end":{"line":35,"column":46}},{"start":{"line":35,"column":50},"end":{"line":35,"column":67}},{"start":{"line":35,"column":71},"end":{"line":35,"column":87}},{"start":{"line":35,"column":91},"end":{"line":35,"column":110}},{"start":{"line":35,"column":114},"end":{"line":35,"column":130}}],"line":35},"9":{"loc":{"start":{"line":40,"column":6},"end":{"line":43,"column":7}},"type":"if","locations":[{"start":{"line":40,"column":6},"end":{"line":43,"column":7}},{"start":{"line":40,"column":6},"end":{"line":43,"column":7}}],"line":40},"10":{"loc":{"start":{"line":45,"column":6},"end":{"line":48,"column":7}},"type":"if","locations":[{"start":{"line":45,"column":6},"end":{"line":48,"column":7}},{"start":{"line":45,"column":6},"end":{"line":48,"column":7}}],"line":45},"11":{"loc":{"start":{"line":45,"column":10},"end":{"line":45,"column":95}},"type":"binary-expr","locations":[{"start":{"line":45,"column":10},"end":{"line":45,"column":51}},{"start":{"line":45,"column":55},"end":{"line":45,"column":95}}],"line":45},"12":{"loc":{"start":{"line":50,"column":6},"end":{"line":53,"column":7}},"type":"if","locations":[{"start":{"line":50,"column":6},"end":{"line":53,"column":7}},{"start":{"line":50,"column":6},"end":{"line":53,"column":7}}],"line":50},"13":{"loc":{"start":{"line":50,"column":10},"end":{"line":50,"column":92}},"type":"binary-expr","locations":[{"start":{"line":50,"column":10},"end":{"line":50,"column":46}},{"start":{"line":50,"column":50},"end":{"line":50,"column":92}}],"line":50},"14":{"loc":{"start":{"line":55,"column":6},"end":{"line":58,"column":7}},"type":"if","locations":[{"start":{"line":55,"column":6},"end":{"line":58,"column":7}},{"start":{"line":55,"column":6},"end":{"line":58,"column":7}}],"line":55},"15":{"loc":{"start":{"line":67,"column":6},"end":{"line":70,"column":7}},"type":"if","locations":[{"start":{"line":67,"column":6},"end":{"line":70,"column":7}},{"start":{"line":67,"column":6},"end":{"line":70,"column":7}}],"line":67},"16":{"loc":{"start":{"line":72,"column":6},"end":{"line":75,"column":7}},"type":"if","locations":[{"start":{"line":72,"column":6},"end":{"line":75,"column":7}},{"start":{"line":72,"column":6},"end":{"line":75,"column":7}}],"line":72},"17":{"loc":{"start":{"line":72,"column":10},"end":{"line":72,"column":61}},"type":"binary-expr","locations":[{"start":{"line":72,"column":10},"end":{"line":72,"column":32}},{"start":{"line":72,"column":36},"end":{"line":72,"column":61}}],"line":72},"18":{"loc":{"start":{"line":101,"column":6},"end":{"line":104,"column":7}},"type":"if","locations":[{"start":{"line":101,"column":6},"end":{"line":104,"column":7}},{"start":{"line":101,"column":6},"end":{"line":104,"column":7}}],"line":101},"19":{"loc":{"start":{"line":112,"column":8},"end":{"line":114,"column":9}},"type":"if","locations":[{"start":{"line":112,"column":8},"end":{"line":114,"column":9}},{"start":{"line":112,"column":8},"end":{"line":114,"column":9}}],"line":112},"20":{"loc":{"start":{"line":125,"column":8},"end":{"line":127,"column":9}},"type":"if","locations":[{"start":{"line":125,"column":8},"end":{"line":127,"column":9}},{"start":{"line":125,"column":8},"end":{"line":127,"column":9}}],"line":125}},"s":{"0":1,"1":1,"2":1,"3":8,"4":8,"5":8,"6":8,"7":8,"8":8,"9":1,"10":1,"11":0,"12":1,"13":1,"14":1,"15":1,"16":1,"17":1,"18":0,"19":0,"20":1,"21":0,"22":1,"23":1,"24":1,"25":1,"26":1,"27":1,"28":1,"29":1,"30":1,"31":1,"32":0,"33":0,"34":1,"35":0,"36":0,"37":1,"38":0,"39":0,"40":1,"41":0,"42":0,"43":1,"44":0,"45":0,"46":1,"47":2,"48":2,"49":0,"50":0,"51":2,"52":0,"53":0,"54":2,"55":3,"56":1,"57":3,"58":0,"59":0,"60":0,"61":0,"62":0,"63":0,"64":0,"65":0,"66":0,"67":0,"68":0,"69":8,"70":8,"71":0,"72":0,"73":0,"74":8,"75":1,"76":1},"f":{"0":1,"1":1,"2":1,"3":1,"4":0,"5":1,"6":0,"7":1,"8":2,"9":3,"10":1,"11":3,"12":0,"13":0,"14":0,"15":0,"16":8,"17":0,"18":8},"b":{"0":[8,8],"1":[8,0],"2":[0,1],"3":[1,0],"4":[1,0],"5":[1,1],"6":[0,0],"7":[0,1],"8":[1,1,1,1,1,1],"9":[0,1],"10":[0,1],"11":[1,1],"12":[0,1],"13":[1,1],"14":[0,1],"15":[0,2],"16":[0,2],"17":[2,2],"18":[0,0],"19":[0,0],"20":[0,0]},"_coverageSchema":"43e27e138ebf9cfc5966b082cf9a028302ed4184","hash":"b726c984215d0c28937887e5d9bbe36707ac44c7","contentHash":"dbf6ebe8f14b07a6298b44610918bbf2"},"C:\\Users\\CEX-PC\\Desktop\\The BootCamp\\project\\politico\\server\\routes\\partyRoutes.js":{"path":"C:\\Users\\CEX-PC\\Desktop\\The BootCamp\\project\\politico\\server\\routes\\partyRoutes.js","statementMap":{"0":{"start":{"line":3,"column":0},"end":{"line":5,"column":3}},"1":{"start":{"line":7,"column":15},"end":{"line":7,"column":33}},"2":{"start":{"line":9,"column":16},"end":{"line":9,"column":48}},"3":{"start":{"line":11,"column":23},"end":{"line":11,"column":64}},"4":{"start":{"line":13,"column":24},"end":{"line":13,"column":64}},"5":{"start":{"line":15,"column":23},"end":{"line":15,"column":64}},"6":{"start":{"line":17,"column":24},"end":{"line":17,"column":64}},"7":{"start":{"line":19,"column":23},"end":{"line":19,"column":64}},"8":{"start":{"line":21,"column":24},"end":{"line":21,"column":64}},"9":{"start":{"line":23,"column":22},"end":{"line":23,"column":62}},"10":{"start":{"line":25,"column":23},"end":{"line":25,"column":62}},"11":{"start":{"line":27,"column":39},"end":{"line":27,"column":93}},"12":{"start":{"line":29,"column":13},"end":{"line":29,"column":39}},"13":{"start":{"line":31,"column":0},"end":{"line":31,"column":132}},"14":{"start":{"line":32,"column":0},"end":{"line":32,"column":132}},"15":{"start":{"line":33,"column":0},"end":{"line":33,"column":93}},"16":{"start":{"line":34,"column":0},"end":{"line":34,"column":140}},"17":{"start":{"line":35,"column":0},"end":{"line":35,"column":179}},"18":{"start":{"line":37,"column":0},"end":{"line":37,"column":25}}},"fnMap":{"0":{"name":"_interopRequireDefault","decl":{"start":{"line":27,"column":9},"end":{"line":27,"column":31}},"loc":{"start":{"line":27,"column":37},"end":{"line":27,"column":95}},"line":27}},"branchMap":{"0":{"loc":{"start":{"line":27,"column":46},"end":{"line":27,"column":92}},"type":"cond-expr","locations":[{"start":{"line":27,"column":70},"end":{"line":27,"column":73}},{"start":{"line":27,"column":76},"end":{"line":27,"column":92}}],"line":27},"1":{"loc":{"start":{"line":27,"column":46},"end":{"line":27,"column":67}},"type":"binary-expr","locations":[{"start":{"line":27,"column":46},"end":{"line":27,"column":49}},{"start":{"line":27,"column":53},"end":{"line":27,"column":67}}],"line":27}},"s":{"0":1,"1":1,"2":1,"3":1,"4":1,"5":1,"6":1,"7":1,"8":1,"9":1,"10":1,"11":5,"12":1,"13":1,"14":1,"15":1,"16":1,"17":1,"18":1},"f":{"0":5},"b":{"0":[4,1],"1":[5,5]},"_coverageSchema":"43e27e138ebf9cfc5966b082cf9a028302ed4184","hash":"434e2bb841e3a4c0afb08beb3087fdcaf93bebcc","contentHash":"528b86ba32ffee7c909ab1eb67c67ef8"},"C:\\Users\\CEX-PC\\Desktop\\The BootCamp\\project\\politico\\server\\controllers\\PartyController.js":{"path":"C:\\Users\\CEX-PC\\Desktop\\The BootCamp\\project\\politico\\server\\controllers\\PartyController.js","statementMap":{"0":{"start":{"line":3,"column":0},"end":{"line":5,"column":3}},"1":{"start":{"line":7,"column":19},"end":{"line":7,"column":563}},"2":{"start":{"line":7,"column":76},"end":{"line":7,"column":347}},"3":{"start":{"line":7,"column":134},"end":{"line":7,"column":142}},"4":{"start":{"line":7,"column":144},"end":{"line":7,"column":199}},"5":{"start":{"line":7,"column":200},"end":{"line":7,"column":231}},"6":{"start":{"line":7,"column":232},"end":{"line":7,"column":286}},"7":{"start":{"line":7,"column":259},"end":{"line":7,"column":286}},"8":{"start":{"line":7,"column":287},"end":{"line":7,"column":345}},"9":{"start":{"line":7,"column":350},"end":{"line":7,"column":559}},"10":{"start":{"line":7,"column":407},"end":{"line":7,"column":475}},"11":{"start":{"line":7,"column":423},"end":{"line":7,"column":475}},"12":{"start":{"line":7,"column":476},"end":{"line":7,"column":536}},"13":{"start":{"line":7,"column":493},"end":{"line":7,"column":536}},"14":{"start":{"line":7,"column":537},"end":{"line":7,"column":556}},"15":{"start":{"line":9,"column":18},"end":{"line":9,"column":49}},"16":{"start":{"line":11,"column":19},"end":{"line":11,"column":54}},"17":{"start":{"line":13,"column":39},"end":{"line":13,"column":93}},"18":{"start":{"line":15,"column":50},"end":{"line":15,"column":151}},"19":{"start":{"line":15,"column":92},"end":{"line":15,"column":149}},"20":{"start":{"line":17,"column":22},"end":{"line":86,"column":3}},"21":{"start":{"line":19,"column":4},"end":{"line":19,"column":43}},"22":{"start":{"line":22,"column":2},"end":{"line":83,"column":6}},"23":{"start":{"line":25,"column":22},"end":{"line":25,"column":30}},"24":{"start":{"line":26,"column":17},"end":{"line":26,"column":31}},"25":{"start":{"line":27,"column":22},"end":{"line":27,"column":41}},"26":{"start":{"line":28,"column":20},"end":{"line":28,"column":37}},"27":{"start":{"line":30,"column":17},"end":{"line":30,"column":71}},"28":{"start":{"line":31,"column":6},"end":{"line":35,"column":9}},"29":{"start":{"line":32,"column":8},"end":{"line":32,"column":73}},"30":{"start":{"line":34,"column":8},"end":{"line":34,"column":100}},"31":{"start":{"line":40,"column":15},"end":{"line":40,"column":28}},"32":{"start":{"line":42,"column":6},"end":{"line":46,"column":9}},"33":{"start":{"line":43,"column":8},"end":{"line":43,"column":74}},"34":{"start":{"line":45,"column":8},"end":{"line":45,"column":80}},"35":{"start":{"line":51,"column":6},"end":{"line":55,"column":9}},"36":{"start":{"line":52,"column":8},"end":{"line":52,"column":68}},"37":{"start":{"line":54,"column":8},"end":{"line":54,"column":81}},"38":{"start":{"line":60,"column":15},"end":{"line":60,"column":28}},"39":{"start":{"line":62,"column":6},"end":{"line":69,"column":9}},"40":{"start":{"line":63,"column":8},"end":{"line":63,"column":109}},"41":{"start":{"line":65,"column":8},"end":{"line":67,"column":9}},"42":{"start":{"line":66,"column":10},"end":{"line":66,"column":124}},"43":{"start":{"line":68,"column":8},"end":{"line":68,"column":79}},"44":{"start":{"line":74,"column":15},"end":{"line":74,"column":28}},"45":{"start":{"line":75,"column":17},"end":{"line":75,"column":30}},"46":{"start":{"line":77,"column":6},"end":{"line":81,"column":9}},"47":{"start":{"line":78,"column":8},"end":{"line":78,"column":73}},"48":{"start":{"line":80,"column":8},"end":{"line":80,"column":87}},"49":{"start":{"line":85,"column":2},"end":{"line":85,"column":25}},"50":{"start":{"line":88,"column":0},"end":{"line":88,"column":34}}},"fnMap":{"0":{"name":"(anonymous_0)","decl":{"start":{"line":7,"column":19},"end":{"line":7,"column":20}},"loc":{"start":{"line":7,"column":31},"end":{"line":7,"column":561}},"line":7},"1":{"name":"defineProperties","decl":{"start":{"line":7,"column":42},"end":{"line":7,"column":58}},"loc":{"start":{"line":7,"column":74},"end":{"line":7,"column":349}},"line":7},"2":{"name":"(anonymous_2)","decl":{"start":{"line":7,"column":357},"end":{"line":7,"column":358}},"loc":{"start":{"line":7,"column":405},"end":{"line":7,"column":558}},"line":7},"3":{"name":"_interopRequireDefault","decl":{"start":{"line":13,"column":9},"end":{"line":13,"column":31}},"loc":{"start":{"line":13,"column":37},"end":{"line":13,"column":95}},"line":13},"4":{"name":"_classCallCheck","decl":{"start":{"line":15,"column":9},"end":{"line":15,"column":24}},"loc":{"start":{"line":15,"column":48},"end":{"line":15,"column":153}},"line":15},"5":{"name":"(anonymous_5)","decl":{"start":{"line":17,"column":22},"end":{"line":17,"column":23}},"loc":{"start":{"line":17,"column":34},"end":{"line":86,"column":1}},"line":17},"6":{"name":"PartyController","decl":{"start":{"line":18,"column":11},"end":{"line":18,"column":26}},"loc":{"start":{"line":18,"column":29},"end":{"line":20,"column":3}},"line":18},"7":{"name":"createParty","decl":{"start":{"line":24,"column":20},"end":{"line":24,"column":31}},"loc":{"start":{"line":24,"column":42},"end":{"line":36,"column":5}},"line":24},"8":{"name":"(anonymous_8)","decl":{"start":{"line":31,"column":45},"end":{"line":31,"column":46}},"loc":{"start":{"line":31,"column":69},"end":{"line":33,"column":7}},"line":31},"9":{"name":"(anonymous_9)","decl":{"start":{"line":33,"column":15},"end":{"line":33,"column":16}},"loc":{"start":{"line":33,"column":27},"end":{"line":35,"column":7}},"line":33},"10":{"name":"getAParty","decl":{"start":{"line":39,"column":20},"end":{"line":39,"column":29}},"loc":{"start":{"line":39,"column":40},"end":{"line":47,"column":5}},"line":39},"11":{"name":"(anonymous_11)","decl":{"start":{"line":42,"column":46},"end":{"line":42,"column":47}},"loc":{"start":{"line":42,"column":71},"end":{"line":44,"column":7}},"line":42},"12":{"name":"(anonymous_12)","decl":{"start":{"line":44,"column":15},"end":{"line":44,"column":16}},"loc":{"start":{"line":44,"column":27},"end":{"line":46,"column":7}},"line":44},"13":{"name":"listParty","decl":{"start":{"line":50,"column":20},"end":{"line":50,"column":29}},"loc":{"start":{"line":50,"column":40},"end":{"line":56,"column":5}},"line":50},"14":{"name":"(anonymous_14)","decl":{"start":{"line":51,"column":42},"end":{"line":51,"column":43}},"loc":{"start":{"line":51,"column":61},"end":{"line":53,"column":7}},"line":51},"15":{"name":"(anonymous_15)","decl":{"start":{"line":53,"column":15},"end":{"line":53,"column":16}},"loc":{"start":{"line":53,"column":27},"end":{"line":55,"column":7}},"line":53},"16":{"name":"deleteAParty","decl":{"start":{"line":59,"column":20},"end":{"line":59,"column":32}},"loc":{"start":{"line":59,"column":43},"end":{"line":70,"column":5}},"line":59},"17":{"name":"(anonymous_17)","decl":{"start":{"line":62,"column":49},"end":{"line":62,"column":50}},"loc":{"start":{"line":62,"column":66},"end":{"line":64,"column":7}},"line":62},"18":{"name":"(anonymous_18)","decl":{"start":{"line":64,"column":15},"end":{"line":64,"column":16}},"loc":{"start":{"line":64,"column":28},"end":{"line":69,"column":7}},"line":64},"19":{"name":"editAParty","decl":{"start":{"line":73,"column":20},"end":{"line":73,"column":30}},"loc":{"start":{"line":73,"column":41},"end":{"line":82,"column":5}},"line":73},"20":{"name":"(anonymous_20)","decl":{"start":{"line":77,"column":53},"end":{"line":77,"column":54}},"loc":{"start":{"line":77,"column":77},"end":{"line":79,"column":7}},"line":77},"21":{"name":"(anonymous_21)","decl":{"start":{"line":79,"column":15},"end":{"line":79,"column":16}},"loc":{"start":{"line":79,"column":27},"end":{"line":81,"column":7}},"line":79}},"branchMap":{"0":{"loc":{"start":{"line":7,"column":168},"end":{"line":7,"column":198}},"type":"binary-expr","locations":[{"start":{"line":7,"column":168},"end":{"line":7,"column":189}},{"start":{"line":7,"column":193},"end":{"line":7,"column":198}}],"line":7},"1":{"loc":{"start":{"line":7,"column":232},"end":{"line":7,"column":286}},"type":"if","locations":[{"start":{"line":7,"column":232},"end":{"line":7,"column":286}},{"start":{"line":7,"column":232},"end":{"line":7,"column":286}}],"line":7},"2":{"loc":{"start":{"line":7,"column":407},"end":{"line":7,"column":475}},"type":"if","locations":[{"start":{"line":7,"column":407},"end":{"line":7,"column":475}},{"start":{"line":7,"column":407},"end":{"line":7,"column":475}}],"line":7},"3":{"loc":{"start":{"line":7,"column":476},"end":{"line":7,"column":536}},"type":"if","locations":[{"start":{"line":7,"column":476},"end":{"line":7,"column":536}},{"start":{"line":7,"column":476},"end":{"line":7,"column":536}}],"line":7},"4":{"loc":{"start":{"line":13,"column":46},"end":{"line":13,"column":92}},"type":"cond-expr","locations":[{"start":{"line":13,"column":70},"end":{"line":13,"column":73}},{"start":{"line":13,"column":76},"end":{"line":13,"column":92}}],"line":13},"5":{"loc":{"start":{"line":13,"column":46},"end":{"line":13,"column":67}},"type":"binary-expr","locations":[{"start":{"line":13,"column":46},"end":{"line":13,"column":49}},{"start":{"line":13,"column":53},"end":{"line":13,"column":67}}],"line":13},"6":{"loc":{"start":{"line":15,"column":50},"end":{"line":15,"column":151}},"type":"if","locations":[{"start":{"line":15,"column":50},"end":{"line":15,"column":151}},{"start":{"line":15,"column":50},"end":{"line":15,"column":151}}],"line":15},"7":{"loc":{"start":{"line":65,"column":8},"end":{"line":67,"column":9}},"type":"if","locations":[{"start":{"line":65,"column":8},"end":{"line":67,"column":9}},{"start":{"line":65,"column":8},"end":{"line":67,"column":9}}],"line":65}},"s":{"0":1,"1":1,"2":1,"3":5,"4":5,"5":5,"6":5,"7":5,"8":5,"9":1,"10":1,"11":0,"12":1,"13":1,"14":1,"15":1,"16":1,"17":1,"18":0,"19":0,"20":1,"21":0,"22":1,"23":0,"24":0,"25":0,"26":0,"27":0,"28":0,"29":0,"30":0,"31":0,"32":0,"33":0,"34":0,"35":0,"36":0,"37":0,"38":0,"39":0,"40":0,"41":0,"42":0,"43":0,"44":0,"45":0,"46":0,"47":0,"48":0,"49":1,"50":1},"f":{"0":1,"1":1,"2":1,"3":1,"4":0,"5":1,"6":0,"7":0,"8":0,"9":0,"10":0,"11":0,"12":0,"13":0,"14":0,"15":0,"16":0,"17":0,"18":0,"19":0,"20":0,"21":0},"b":{"0":[5,5],"1":[5,0],"2":[0,1],"3":[1,0],"4":[1,0],"5":[1,1],"6":[0,0],"7":[0,0]},"_coverageSchema":"43e27e138ebf9cfc5966b082cf9a028302ed4184","hash":"a770b8c4aab94c9cb0c9e4222c8b94c61a18ce06","contentHash":"f3c00e1917d116b5666c00bd5fed20a2"},"C:\\Users\\CEX-PC\\Desktop\\The BootCamp\\project\\politico\\server\\models\\PartyModel.js":{"path":"C:\\Users\\CEX-PC\\Desktop\\The BootCamp\\project\\politico\\server\\models\\PartyModel.js","statementMap":{"0":{"start":{"line":3,"column":0},"end":{"line":5,"column":3}},"1":{"start":{"line":7,"column":19},"end":{"line":7,"column":563}},"2":{"start":{"line":7,"column":76},"end":{"line":7,"column":347}},"3":{"start":{"line":7,"column":134},"end":{"line":7,"column":142}},"4":{"start":{"line":7,"column":144},"end":{"line":7,"column":199}},"5":{"start":{"line":7,"column":200},"end":{"line":7,"column":231}},"6":{"start":{"line":7,"column":232},"end":{"line":7,"column":286}},"7":{"start":{"line":7,"column":259},"end":{"line":7,"column":286}},"8":{"start":{"line":7,"column":287},"end":{"line":7,"column":345}},"9":{"start":{"line":7,"column":350},"end":{"line":7,"column":559}},"10":{"start":{"line":7,"column":407},"end":{"line":7,"column":475}},"11":{"start":{"line":7,"column":423},"end":{"line":7,"column":475}},"12":{"start":{"line":7,"column":476},"end":{"line":7,"column":536}},"13":{"start":{"line":7,"column":493},"end":{"line":7,"column":536}},"14":{"start":{"line":7,"column":537},"end":{"line":7,"column":556}},"15":{"start":{"line":9,"column":17},"end":{"line":9,"column":42}},"16":{"start":{"line":11,"column":18},"end":{"line":11,"column":52}},"17":{"start":{"line":13,"column":39},"end":{"line":13,"column":93}},"18":{"start":{"line":15,"column":50},
[...]
tart":{"line":7,"column":476},"end":{"line":7,"column":536}},{"start":{"line":7,"column":476},"end":{"line":7,"column":536}}],"line":7},"4":{"loc":{"start":{"line":13,"column":46},"end":{"line":13,"column":92}},"type":"cond-expr","locations":[{"start":{"line":13,"column":70},"end":{"line":13,"column":73}},{"start":{"line":13,"column":76},"end":{"line":13,"column":92}}],"line":13},"5":{"loc":{"start":{"line":13,"column":46},"end":{"line":13,"column":67}},"type":"binary-expr","locations":[{"start":{"line":13,"column":46},"end":{"line":13,"column":49}},{"start":{"line":13,"column":53},"end":{"line":13,"column":67}}],"line":13},"6":{"loc":{"start":{"line":15,"column":50},"end":{"line":15,"column":151}},"type":"if","locations":[{"start":{"line":15,"column":50},"end":{"line":15,"column":151}},{"start":{"line":15,"column":50},"end":{"line":15,"column":151}}],"line":15}},"s":{"0":1,"1":1,"2":1,"3":4,"4":4,"5":4,"6":4,"7":4,"8":4,"9":1,"10":1,"11":0,"12":1,"13":1,"14":1,"15":1,"16":1,"17":1,"18":0,"19":0,"20":1,"21":0,"22":0,"23":0,"24":0,"25":0,"26":1,"27":0,"28":0,"29":0,"30":0,"31":0,"32":0,"33":0,"34":0,"35":0,"36":0,"37":0,"38":0,"39":0,"40":0,"41":0,"42":0,"43":0,"44":0,"45":0,"46":0,"47":1,"48":1},"f":{"0":1,"1":1,"2":1,"3":1,"4":0,"5":1,"6":0,"7":0,"8":0,"9":0,"10":0,"11":0,"12":0,"13":0,"14":0,"15":0,"16":0,"17":0,"18":0},"b":{"0":[4,4],"1":[4,0],"2":[0,1],"3":[1,0],"4":[1,0],"5":[1,1],"6":[0,0]},"_coverageSchema":"43e27e138ebf9cfc5966b082cf9a028302ed4184","hash":"c0333dbf0cb6e1108121af626d38af58837f630b","contentHash":"d8825a37d106e40c5328e256a6db3298"},"C:\\Users\\CEX-PC\\Desktop\\The BootCamp\\project\\politico\\server\\routes\\voteRoutes.js":{"path":"C:\\Users\\CEX-PC\\Desktop\\The BootCamp\\project\\politico\\server\\routes\\voteRoutes.js","statementMap":{"0":{"start":{"line":3,"column":0},"end":{"line":5,"column":3}},"1":{"start":{"line":7,"column":15},"end":{"line":7,"column":33}},"2":{"start":{"line":9,"column":16},"end":{"line":9,"column":48}},"3":{"start":{"line":11,"column":22},"end":{"line":11,"column":62}},"4":{"start":{"line":13,"column":23},"end":{"line":13,"column":62}},"5":{"start":{"line":15,"column":22},"end":{"line":15,"column":62}},"6":{"start":{"line":17,"column":23},"end":{"line":17,"column":62}},"7":{"start":{"line":19,"column":39},"end":{"line":19,"column":93}},"8":{"start":{"line":21,"column":13},"end":{"line":21,"column":39}},"9":{"start":{"line":25,"column":0},"end":{"line":25,"column":53}},"10":{"start":{"line":26,"column":0},"end":{"line":26,"column":137}},"11":{"start":{"line":28,"column":0},"end":{"line":28,"column":25}}},"fnMap":{"0":{"name":"_interopRequireDefault","decl":{"start":{"line":19,"column":9},"end":{"line":19,"column":31}},"loc":{"start":{"line":19,"column":37},"end":{"line":19,"column":95}},"line":19}},"branchMap":{"0":{"loc":{"start":{"line":19,"column":46},"end":{"line":19,"column":92}},"type":"cond-expr","locations":[{"start":{"line":19,"column":70},"end":{"line":19,"column":73}},{"start":{"line":19,"column":76},"end":{"line":19,"column":92}}],"line":19},"1":{"loc":{"start":{"line":19,"column":46},"end":{"line":19,"column":67}},"type":"binary-expr","locations":[{"start":{"line":19,"column":46},"end":{"line":19,"column":49}},{"start":{"line":19,"column":53},"end":{"line":19,"column":67}}],"line":19}},"s":{"0":1,"1":1,"2":1,"3":1,"4":1,"5":1,"6":1,"7":3,"8":1,"9":1,"10":1,"11":1},"f":{"0":3},"b":{"0":[2,1],"1":[3,3]},"_coverageSchema":"43e27e138ebf9cfc5966b082cf9a028302ed4184","hash":"b6898e851be986b1ca74e6c58401169a93189dd1","contentHash":"01a3cfe744106e1cfd0e69b83b987eab"},"C:\\Users\\CEX-PC\\Desktop\\The BootCamp\\project\\politico\\server\\controllers\\VoteController.js":{"path":"C:\\Users\\CEX-PC\\Desktop\\The BootCamp\\project\\politico\\server\\controllers\\VoteController.js","statementMap":{"0":{"start":{"line":3,"column":0},"end":{"line":5,"column":3}},"1":{"start":{"line":7,"column":19},"end":{"line":7,"column":563}},"2":{"start":{"line":7,"column":76},"end":{"line":7,"column":347}},"3":{"start":{"line":7,"column":134},"end":{"line":7,"column":142}},"4":{"start":{"line":7,"column":144},"end":{"line":7,"column":199}},"5":{"start":{"line":7,"column":200},"end":{"line":7,"column":231}},"6":{"start":{"line":7,"column":232},"end":{"line":7,"column":286}},"7":{"start":{"line":7,"column":259},"end":{"line":7,"column":286}},"8":{"start":{"line":7,"column":287},"end":{"line":7,"column":345}},"9":{"start":{"line":7,"column":350},"end":{"line":7,"column":559}},"10":{"start":{"line":7,"column":407},"end":{"line":7,"column":475}},"11":{"start":{"line":7,"column":423},"end":{"line":7,"column":475}},"12":{"start":{"line":7,"column":476},"end":{"line":7,"column":536}},"13":{"start":{"line":7,"column":493},"end":{"line":7,"column":536}},"14":{"start":{"line":7,"column":537},"end":{"line":7,"column":556}},"15":{"start":{"line":9,"column":17},"end":{"line":9,"column":47}},"16":{"start":{"line":11,"column":18},"end":{"line":11,"column":52}},"17":{"start":{"line":13,"column":39},"end":{"line":13,"column":93}},"18":{"start":{"line":15,"column":50},"end":{"line":15,"column":151}},"19":{"start":{"line":15,"column":92},"end":{"line":15,"column":149}},"20":{"start":{"line":17,"column":21},"end":{"line":53,"column":3}},"21":{"start":{"line":19,"column":4},"end":{"line":19,"column":42}},"22":{"start":{"line":22,"column":2},"end":{"line":50,"column":6}},"23":{"start":{"line":25,"column":22},"end":{"line":25,"column":30}},"24":{"start":{"line":26,"column":19},"end":{"line":26,"column":35}},"25":{"start":{"line":27,"column":22},"end":{"line":27,"column":41}},"26":{"start":{"line":28,"column":22},"end":{"line":28,"column":41}},"27":{"start":{"line":30,"column":6},"end":{"line":34,"column":9}},"28":{"start":{"line":31,"column":8},"end":{"line":31,"column":72}},"29":{"start":{"line":33,"column":8},"end":{"line":33,"column":130}},"30":{"start":{"line":39,"column":15},"end":{"line":39,"column":28}},"31":{"start":{"line":41,"column":6},"end":{"line":48,"column":9}},"32":{"start":{"line":42,"column":8},"end":{"line":42,"column":58}},"33":{"start":{"line":44,"column":8},"end":{"line":46,"column":9}},"34":{"start":{"line":45,"column":10},"end":{"line":45,"column":74}},"35":{"start":{"line":47,"column":8},"end":{"line":47,"column":97}},"36":{"start":{"line":52,"column":2},"end":{"line":52,"column":24}},"37":{"start":{"line":55,"column":0},"end":{"line":55,"column":33}}},"fnMap":{"0":{"name":"(anonymous_0)","decl":{"start":{"line":7,"column":19},"end":{"line":7,"column":20}},"loc":{"start":{"line":7,"column":31},"end":{"line":7,"column":561}},"line":7},"1":{"name":"defineProperties","decl":{"start":{"line":7,"column":42},"end":{"line":7,"column":58}},"loc":{"start":{"line":7,"column":74},"end":{"line":7,"column":349}},"line":7},"2":{"name":"(anonymous_2)","decl":{"start":{"line":7,"column":357},"end":{"line":7,"column":358}},"loc":{"start":{"line":7,"column":405},"end":{"line":7,"column":558}},"line":7},"3":{"name":"_interopRequireDefault","decl":{"start":{"line":13,"column":9},"end":{"line":13,"column":31}},"loc":{"start":{"line":13,"column":37},"end":{"line":13,"column":95}},"line":13},"4":{"name":"_classCallCheck","decl":{"start":{"line":15,"column":9},"end":{"line":15,"column":24}},"loc":{"start":{"line":15,"column":48},"end":{"line":15,"column":153}},"line":15},"5":{"name":"(anonymous_5)","decl":{"start":{"line":17,"column":21},"end":{"line":17,"column":22}},"loc":{"start":{"line":17,"column":33},"end":{"line":53,"column":1}},"line":17},"6":{"name":"VoteController","decl":{"start":{"line":18,"column":11},"end":{"line":18,"column":25}},"loc":{"start":{"line":18,"column":28},"end":{"line":20,"column":3}},"line":18},"7":{"name":"vote","decl":{"start":{"line":24,"column":20},"end":{"line":24,"column":24}},"loc":{"start":{"line":24,"column":35},"end":{"line":35,"column":5}},"line":24},"8":{"name":"(anonymous_8)","decl":{"start":{"line":30,"column":68},"end":{"line":30,"column":69}},"loc":{"start":{"line":30,"column":91},"end":{"line":32,"column":7}},"line":30},"9":{"name":"(anonymous_9)","decl":{"start":{"line":32,"column":15},"end":{"line":32,"column":16}},"loc":{"start":{"line":32,"column":28},"end":{"line":34,"column":7}},"line":32},"10":{"name":"genResult","decl":{"start":{"line":38,"column":20},"end":{"line":38,"column":29}},"loc":{"start":{"line":38,"column":40},"end":{"line":49,"column":5}},"line":38},"11":{"name":"(anonymous_11)","decl":{"start":{"line":41,"column":48},"end":{"line":41,"column":49}},"loc":{"start":{"line":41,"column":64},"end":{"line":43,"column":7}},"line":41},"12":{"name":"(anonymous_12)","decl":{"start":{"line":43,"column":15},"end":{"line":43,"column":16}},"loc":{"start":{"line":43,"column":28},"end":{"line":48,"column":7}},"line":43}},"branchMap":{"0":{"loc":{"start":{"line":7,"column":168},"end":{"line":7,"column":198}},"type":"binary-expr","locations":[{"start":{"line":7,"column":168},"end":{"line":7,"column":189}},{"start":{"line":7,"column":193},"end":{"line":7,"column":198}}],"line":7},"1":{"loc":{"start":{"line":7,"column":232},"end":{"line":7,"column":286}},"type":"if","locations":[{"start":{"line":7,"column":232},"end":{"line":7,"column":286}},{"start":{"line":7,"column":232},"end":{"line":7,"column":286}}],"line":7},"2":{"loc":{"start":{"line":7,"column":407},"end":{"line":7,"column":475}},"type":"if","locations":[{"start":{"line":7,"column":407},"end":{"line":7,"column":475}},{"start":{"line":7,"column":407},"end":{"line":7,"column":475}}],"line":7},"3":{"loc":{"start":{"line":7,"column":476},"end":{"line":7,"column":536}},"type":"if","locations":[{"start":{"line":7,"column":476},"end":{"line":7,"column":536}},{"start":{"line":7,"column":476},"end":{"line":7,"column":536}}],"line":7},"4":{"loc":{"start":{"line":13,"column":46},"end":{"line":13,"column":92}},"type":"cond-expr","locations":[{"start":{"line":13,"column":70},"end":{"line":13,"column":73}},{"start":{"line":13,"column":76},"end":{"line":13,"column":92}}],"line":13},"5":{"loc":{"start":{"line":13,"column":46},"end":{"line":13,"column":67}},"type":"binary-expr","locations":[{"start":{"line":13,"column":46},"end":{"line":13,"column":49}},{"start":{"line":13,"column":53},"end":{"line":13,"column":67}}],"line":13},"6":{"loc":{"start":{"line":15,"column":50},"end":{"line":15,"column":151}},"type":"if","locations":[{"start":{"line":15,"column":50},"end":{"line":15,"column":151}},{"start":{"line":15,"column":50},"end":{"line":15,"column":151}}],"line":15},"7":{"loc":{"start":{"line":44,"column":8},"end":{"line":46,"column":9}},"type":"if","locations":[{"start":{"line":44,"column":8},"end":{"line":46,"column":9}},{"start":{"line":44,"column":8},"end":{"line":46,"column":9}}],"line":44}},"s":{"0":1,"1":1,"2":1,"3":2,"4":2,"5":2,"6":2,"7":2,"8":2,"9":1,"10":1,"11":0,"12":1,"13":1,"14":1,"15":1,"16":1,"17":1,"18":0,"19":0,"20":1,"21":0,"22":1,"23":0,"24":0,"25":0,"26":0,"27":0,"28":0,"29":0,"30":0,"31":0,"32":0,"33":0,"34":0,"35":0,"36":1,"37":1},"f":{"0":1,"1":1,"2":1,"3":1,"4":0,"5":1,"6":0,"7":0,"8":0,"9":0,"10":0,"11":0,"12":0},"b":{"0":[2,2],"1":[2,0],"2":[0,1],"3":[1,0],"4":[1,0],"5":[1,1],"6":[0,0],"7":[0,0]},"_coverageSchema":"43e27e138ebf9cfc5966b082cf9a028302ed4184","hash":"35f43a37217114c45f4c8afccf3e653eaab3b1de","contentHash":"97741c23d1234b929e60a694edf13b98"},"C:\\Users\\CEX-PC\\Desktop\\The BootCamp\\project\\politico\\server\\models\\VoteModel.js":{"path":"C:\\Users\\CEX-PC\\Desktop\\The BootCamp\\project\\politico\\server\\models\\VoteModel.js","statementMap":{"0":{"start":{"line":3,"column":0},"end":{"line":5,"column":3}},"1":{"start":{"line":7,"column":19},"end":{"line":7,"column":563}},"2":{"start":{"line":7,"column":76},"end":{"line":7,"column":347}},"3":{"start":{"line":7,"column":134},"end":{"line":7,"column":142}},"4":{"start":{"line":7,"column":144},"end":{"line":7,"column":199}},"5":{"start":{"line":7,"column":200},"end":{"line":7,"column":231}},"6":{"start":{"line":7,"column":232},"end":{"line":7,"column":286}},"7":{"start":{"line":7,"column":259},"end":{"line":7,"column":286}},"8":{"start":{"line":7,"column":287},"end":{"line":7,"column":345}},"9":{"start":{"line":7,"column":350},"end":{"line":7,"column":559}},"10":{"start":{"line":7,"column":407},"end":{"line":7,"column":475}},"11":{"start":{"line":7,"column":423},"end":{"line":7,"column":475}},"12":{"start":{"line":7,"column":476},"end":{"line":7,"column":536}},"13":{"start":{"line":7,"column":493},"end":{"line":7,"column":536}},"14":{"start":{"line":7,"column":537},"end":{"line":7,"column":556}},"15":{"start":{"line":9,"column":17},"end":{"line":9,"column":42}},"16":{"start":{"line":11,"column":18},"end":{"line":11,"column":52}},"17":{"start":{"line":13,"column":39},"end":{"line":13,"column":93}},"18":{"start":{"line":15,"column":50},"end":{"line":15,"column":151}},"19":{"start":{"line":15,"column":92},"end":{"line":15,"column":149}},"20":{"start":{"line":17,"column":16},"end":{"line":51,"column":3}},"21":{"start":{"line":19,"column":4},"end":{"line":19,"column":37}},"22":{"start":{"line":21,"column":4},"end":{"line":21,"column":22}},"23":{"start":{"line":22,"column":4},"end":{"line":22,"column":30}},"24":{"start":{"line":23,"column":4},"end":{"line":23,"column":27}},"25":{"start":{"line":24,"column":4},"end":{"line":24,"column":36}},"26":{"start":{"line":27,"column":2},"end":{"line":48,"column":6}},"27":{"start":{"line":30,"column":16},"end":{"line":30,"column":100}},"28":{"start":{"line":31,"column":6},"end":{"line":36,"column":9}},"29":{"start":{"line":32,"column":24},"end":{"line":32,"column":53}},"30":{"start":{"line":33,"column":8},"end":{"line":33,"column":42}},"31":{"start":{"line":35,"column":8},"end":{"line":35,"column":33}},"32":{"start":{"line":41,"column":16},"end":{"line":41,"column":116}},"33":{"start":{"line":42,"column":6},"end":{"line":46,"column":9}},"34":{"start":{"line":43,"column":8},"end":{"line":43,"column":44}},"35":{"start":{"line":45,"column":8},"end":{"line":45,"column":33}},"36":{"start":{"line":50,"column":2},"end":{"line":50,"column":19}},"37":{"start":{"line":53,"column":0},"end":{"line":53,"column":28}}},"fnMap":{"0":{"name":"(anonymous_0)","decl":{"start":{"line":7,"column":19},"end":{"line":7,"column":20}},"loc":{"start":{"line":7,"column":31},"end":{"line":7,"column":561}},"line":7},"1":{"name":"defineProperties","decl":{"start":{"line":7,"column":42},"end":{"line":7,"column":58}},"loc":{"start":{"line":7,"column":74},"end":{"line":7,"column":349}},"line":7},"2":{"name":"(anonymous_2)","decl":{"start":{"line":7,"column":357},"end":{"line":7,"column":358}},"loc":{"start":{"line":7,"column":405},"end":{"line":7,"column":558}},"line":7},"3":{"name":"_interopRequireDefault","decl":{"start":{"line":13,"column":9},"end":{"line":13,"column":31}},"loc":{"start":{"line":13,"column":37},"end":{"line":13,"column":95}},"line":13},"4":{"name":"_classCallCheck","decl":{"start":{"line":15,"column":9},"end":{"line":15,"column":24}},"loc":{"start":{"line":15,"column":48},"end":{"line":15,"column":153}},"line":15},"5":{"name":"(anonymous_5)","decl":{"start":{"line":17,"column":16},"end":{"line":17,"column":17}},"loc":{"start":{"line":17,"column":28},"end":{"line":51,"column":1}},"line":17},"6":{"name":"VoteModel","decl":{"start":{"line":18,"column":11},"end":{"line":18,"column":20}},"loc":{"start":{"line":18,"column":27},"end":{"line":25,"column":3}},"line":18},"7":{"name":"create","decl":{"start":{"line":29,"column":20},"end":{"line":29,"column":26}},"loc":{"start":{"line":29,"column":57},"end":{"line":37,"column":5}},"line":29},"8":{"name":"(anonymous_8)","decl":{"start":{"line":31,"column":80},"end":{"line":31,"column":81}},"loc":{"start":{"line":31,"column":98},"end":{"line":34,"column":7}},"line":31},"9":{"name":"(anonymous_9)","decl":{"start":{"line":34,"column":15},"end":{"line":34,"column":16}},"loc":{"start":{"line":34,"column":28},"end":{"line":36,"column":7}},"line":34},"10":{"name":"getGenResult","decl":{"start":{"line":40,"column":20},"end":{"line":40,"column":32}},"loc":{"start":{"line":40,"column":41},"end":{"line":47,"column":5}},"line":40},"11":{"name":"(anonymous_11)","decl":{"start":{"line":42,"column":58},"end":{"line":42,"column":59}},"loc":{"start":{"line":42,"column":76},"end":{"line":44,"column":7}},"line":42},"12":{"name":"(anonymous_12)","decl":{"start":{"line":44,"column":15},"end":{"line":44,"column":16}},"loc":{"start":{"line":44,"column":28},"end":{"line":46,"column":7}},"line":44}},"branchMap":{"0":{"loc":{"start":{"line":7,"column":168},"end":{"line":7,"column":198}},"type":"binary-expr","locations":[{"start":{"line":7,"column":168},"end":{"line":7,"column":189}},{"start":{"line":7,"column":193},"end":{"line":7,"column":198}}],"line":7},"1":{"loc":{"start":{"line":7,"column":232},"end":{"line":7,"column":286}},"type":"if","locations":[{"start":{"line":7,"column":232},"end":{"line":7,"column":286}},{"start":{"line":7,"column":232},"end":{"line":7,"column":286}}],"line":7},"2":{"loc":{"start":{"line":7,"column":407},"end":{"line":7,"column":475}},"type":"if","locations":[{"start":{"line":7,"column":407},"end":{"line":7,"column":475}},{"start":{"line":7,"column":407},"end":{"line":7,"column":475}}],"line":7},"3":{"loc":{"start":{"line":7,"column":476},"end":{"line":7,"column":536}},"type":"if","locations":[{"start":{"line":7,"column":476},"end":{"line":7,"column":536}},{"start":{"line":7,"column":476},"end":{"line":7,"column":536}}],"line":7},"4":{"loc":{"start":{"line":13,"column":46},"end":{"line":13,"column":92}},"type":"cond-expr","locations":[{"start":{"line":13,"column":70},"end":{"line":13,"column":73}},{"start":{"line":13,"column":76},"end":{"line":13,"column":92}}],"line":13},"5":{"loc":{"start":{"line":13,"column":46},"end":{"line":13,"column":67}},"type":"binary-expr","locations":[{"start":{"line":13,"column":46},"end":{"line":13,"column":49}},{"start":{"line":13,"column":53},"end":{"line":13,"column":67}}],"line":13},"6":{"loc":{"start":{"line":15,"column":50},"end":{"line":15,"column":151}},"type":"if","locations":[{"start":{"line":15,"column":50},"end":{"line":15,"column":151}},{"start":{"line":15,"column":50},"end":{"line":15,"column":151}}],"line":15}},"s":{"0":1,"1":1,"2":1,"3":2,"4":2,"5":2,"6":2,"7":2,"8":2,"9":1,"10":1,"11":0,"12":1,"13":1,"14":1,"15":1,"16":1,"17":1,"18":0,"19":0,"20":1,"21":0,"22":0,"23":0,"24":0,"25":0,"26":1,"27":0,"28":0,"29":0,"30":0,"31":0,"32":0,"33":0,"34":0,"35":0,"36":1,"37":1},"f":{"0":1,"1":1,"2":1,"3":1,"4":0,"5":1,"6":0,"7":0,"8":0,"9":0,"10":0,"11":0,"12":0},"b":{"0":[2,2],"1":[2,0],"2":[0,1],"3":[1,0],"4":[1,0],"5":[1,1],"6":[0,0]},"_coverageSchema":"43e27e138ebf9cfc5966b082cf9a028302ed4184","hash":"40d03411ae4737e6963254022b7a23b94287297a","contentHash":"e9c09bbee56610b9f147dd9c134f6baa"},"C:\\Users\\CEX-PC\\Desktop\\The BootCamp\\project\\politico\\server\\models\\officeData.js":{"path":"C:\\Users\\CEX-PC\\Desktop\\The BootCamp\\project\\politico\\server\\models\\officeData.js","statementMap":{"0":{"start":{"line":3,"column":0},"end":{"line":5,"column":3}},"1":{"start":{"line":6,"column":11},"end":{"line":18,"column":2}},"2":{"start":{"line":20,"column":0},"end":{"line":20,"column":23}}},"fnMap":{},"branchMap":{},"s":{"0":1,"1":1,"2":1},"f":{},"b":{},"_coverageSchema":"43e27e138ebf9cfc5966b082cf9a028302ed4184","hash":"99b9e0bd18d5cf960da2c043969279fe01a8f724","contentHash":"3f0bb4e9bfe3323f254de65c8f89b5d9"},"C:\\Users\\CEX-PC\\Desktop\\The BootCamp\\project\\politico\\server\\models\\partyData.js":{"path":"C:\\Users\\CEX-PC\\Desktop\\The BootCamp\\project\\politico\\server\\models\\partyData.js","statementMap":{"0":{"start":{"line":3,"column":0},"end":{"line":5,"column":3}},"1":{"start":{"line":6,"column":14},"end":{"line":21,"column":2}},"2":{"start":{"line":23,"column":0},"end":{"line":23,"column":26}}},"fnMap":{},"branchMap":{},"s":{"0":1,"1":1,"2":1},"f":{},"b":{},"_coverageSchema":"43e27e138ebf9cfc5966b082cf9a028302ed4184","hash":"540f311a67d069958dffb49e31a48c7165835c71","contentHash":"1cf6cc945a30de619de127c22d5e3c95"}}